[10/Aug/2018 13:52:13] "GET / HTTP/1.1" 302 0
[10/Aug/2018 13:52:13] "GET /admin HTTP/1.1" 301 0
[10/Aug/2018 13:52:13] "GET /admin/ HTTP/1.1" 302 0
[10/Aug/2018 13:52:13] "GET /admin/login/?next=/admin/ HTTP/1.1" 200 4396
[10/Aug/2018 13:52:13] "GET /static/admin/css/base.css HTTP/1.1" 200 0
[10/Aug/2018 13:52:13] "GET /static/jet/css/themes/default/select2.theme.css?v=1.0.6 HTTP/1.1" 200 23574
[10/Aug/2018 13:52:13] "GET /static/jet/css/icons/style.css?v=1.0.6 HTTP/1.1" 200 2248
[10/Aug/2018 13:52:13] "GET /static/jet/css/vendor.css?v=1.0.6 HTTP/1.1" 200 53904
[10/Aug/2018 13:52:13] "GET /static/jet/css/themes/default/jquery-ui.theme.css?v=1.0.6 HTTP/1.1" 200 6760
[10/Aug/2018 13:52:13] "GET /static/admin/css/login.css HTTP/1.1" 200 0
[10/Aug/2018 13:52:13] "GET /jet/jsi18n/ HTTP/1.1" 200 7607
[10/Aug/2018 13:52:13] "GET /static/jet/css/themes/default/base.css?v=1.0.6 HTTP/1.1" 200 178895
[10/Aug/2018 13:52:13] "GET /static/jet/js/build/bundle.min.js?v=1.0.6 HTTP/1.1" 200 417084
Not Found: /favicon.ico
[10/Aug/2018 13:52:13] "GET /favicon.ico HTTP/1.1" 404 2292
[10/Aug/2018 13:52:13] "GET /static/jet/css/icons/fonts/jet-icons.ttf?415d6s HTTP/1.1" 200 6240
[10/Aug/2018 13:52:17] "POST /admin/login/?next=/admin/ HTTP/1.1" 302 0
[10/Aug/2018 13:52:17] "GET /admin/ HTTP/1.1" 200 46394
[10/Aug/2018 13:52:17] "GET /static/admin/css/dashboard.css HTTP/1.1" 200 0
[10/Aug/2018 13:52:17] "GET /jet/jsi18n/ HTTP/1.1" 200 7607
Not Found: /favicon.ico
[10/Aug/2018 13:52:17] "GET /favicon.ico HTTP/1.1" 404 2292
[10/Aug/2018 13:52:19] "GET /admin/costsummary/ebom/ HTTP/1.1" 200 120139
[10/Aug/2018 13:52:19] "GET /static/admin/css/changelists.css HTTP/1.1" 200 0
[10/Aug/2018 13:52:19] "GET /jet/jsi18n/ HTTP/1.1" 200 7607
[10/Aug/2018 13:52:19] "GET /static/admin/js/jquery.init.js HTTP/1.1" 200 363
[10/Aug/2018 13:52:19] "GET /static/admin/js/core.js HTTP/1.1" 200 7976
[10/Aug/2018 13:52:19] "GET /admin/jsi18n/ HTTP/1.1" 200 7682
[10/Aug/2018 13:52:19] "GET /static/admin/js/urlify.js HTTP/1.1" 200 8186
[10/Aug/2018 13:52:19] "GET /static/admin/js/admin/RelatedObjectLookups.js HTTP/1.1" 200 0
[10/Aug/2018 13:52:19] "GET /static/admin/js/actions.js HTTP/1.1" 200 6501
[10/Aug/2018 13:52:19] "GET /static/admin/js/prepopulate.js HTTP/1.1" 200 1538
[10/Aug/2018 13:52:19] "GET /static/admin/img/search.svg HTTP/1.1" 200 458
[10/Aug/2018 13:52:19] "GET /static/admin/js/vendor/jquery/jquery.js HTTP/1.1" 200 258648
[10/Aug/2018 13:52:19] "GET /static/admin/js/vendor/xregexp/xregexp.js HTTP/1.1" 200 128820
Not Found: /favicon.ico
[10/Aug/2018 13:52:19] "GET /favicon.ico HTTP/1.1" 404 2292
[10/Aug/2018 13:52:22] "GET /admin/costsummary/ HTTP/1.1" 200 41982
[10/Aug/2018 13:52:22] "GET /jet/jsi18n/ HTTP/1.1" 200 7607
Not Found: /favicon.ico
[10/Aug/2018 13:52:23] "GET /favicon.ico HTTP/1.1" 404 2292
[10/Aug/2018 13:52:24] "GET /admin/costsummary/configurecalculation/ HTTP/1.1" 200 35735
[10/Aug/2018 13:52:24] "GET /jet/jsi18n/ HTTP/1.1" 200 7607
[10/Aug/2018 13:52:24] "GET /admin/jsi18n/ HTTP/1.1" 200 7682
Not Found: /favicon.ico
[10/Aug/2018 13:52:24] "GET /favicon.ico HTTP/1.1" 404 2292
[10/Aug/2018 13:52:30] "GET /admin/costsummary/ HTTP/1.1" 200 41982
[10/Aug/2018 13:52:30] "GET /jet/jsi18n/ HTTP/1.1" 200 7607
Not Found: /favicon.ico
[10/Aug/2018 13:52:30] "GET /favicon.ico HTTP/1.1" 404 2292
[10/Aug/2018 13:52:33] "GET /admin/costsummary/ebom/ HTTP/1.1" 200 120139
[10/Aug/2018 13:52:33] "GET /jet/jsi18n/ HTTP/1.1" 200 7607
[10/Aug/2018 13:52:33] "GET /admin/jsi18n/ HTTP/1.1" 200 7682
Not Found: /favicon.ico
[10/Aug/2018 13:52:33] "GET /favicon.ico HTTP/1.1" 404 2292
[10/Aug/2018 13:52:39] "GET /admin/costsummary/uploadhandler/add/?model_name=999 HTTP/1.1" 200 39502
[10/Aug/2018 13:52:39] "GET /static/admin/css/forms.css HTTP/1.1" 200 0
[10/Aug/2018 13:52:39] "GET /static/admin/img/icon-changelink.svg HTTP/1.1" 200 380
[10/Aug/2018 13:52:39] "GET /static/admin/img/icon-addlink.svg HTTP/1.1" 200 331
[10/Aug/2018 13:52:39] "GET /jet/jsi18n/ HTTP/1.1" 200 7607
[10/Aug/2018 13:52:39] "GET /static/admin/js/change_form.js HTTP/1.1" 200 712
[10/Aug/2018 13:52:39] "GET /admin/jsi18n/ HTTP/1.1" 200 7682
[10/Aug/2018 13:52:39] "GET /static/admin/js/prepopulate_init.js HTTP/1.1" 200 495
Not Found: /favicon.ico
[10/Aug/2018 13:52:40] "GET /favicon.ico HTTP/1.1" 404 2292
[10/Aug/2018 13:53:38] "POST /admin/costsummary/uploadhandler/add/?model_name=999 HTTP/1.1" 200 39640
[10/Aug/2018 13:53:38] "GET /jet/jsi18n/ HTTP/1.1" 200 7607
[10/Aug/2018 13:53:38] "GET /admin/jsi18n/ HTTP/1.1" 200 7682
Not Found: /favicon.ico
[10/Aug/2018 13:53:38] "GET /favicon.ico HTTP/1.1" 404 2292
/home/mas/env/lib/python3.6/site-packages/django/db/models/fields/__init__.py:1393: RuntimeWarning: DateTimeField UploadHandler.upload_time received a naive datetime (2018-08-11 00:00:00) while time zone support is active.
  RuntimeWarning)
Internal Server Error: /admin/costsummary/uploadhandler/add/
Traceback (most recent call last):
  File "/home/mas/env/lib/python3.6/site-packages/django/utils/datastructures.py", line 83, in __getitem__
    list_ = super(MultiValueDict, self).__getitem__(key)
KeyError: 'file_to_be_uploaded'

During handling of the above exception, another exception occurred:

Traceback (most recent call last):
  File "/home/mas/env/lib/python3.6/site-packages/django/core/handlers/exception.py", line 41, in inner
    response = get_response(request)
  File "/home/mas/env/lib/python3.6/site-packages/django/core/handlers/base.py", line 187, in _get_response
    response = self.process_exception_by_middleware(e, request)
  File "/home/mas/env/lib/python3.6/site-packages/django/core/handlers/base.py", line 185, in _get_response
    response = wrapped_callback(request, *callback_args, **callback_kwargs)
  File "/home/mas/env/lib/python3.6/site-packages/django/contrib/admin/options.py", line 551, in wrapper
    return self.admin_site.admin_view(view)(*args, **kwargs)
  File "/home/mas/env/lib/python3.6/site-packages/django/utils/decorators.py", line 149, in _wrapped_view
    response = view_func(request, *args, **kwargs)
  File "/home/mas/env/lib/python3.6/site-packages/django/views/decorators/cache.py", line 57, in _wrapped_view_func
    response = view_func(request, *args, **kwargs)
  File "/home/mas/env/lib/python3.6/site-packages/django/contrib/admin/sites.py", line 224, in inner
    return view(request, *args, **kwargs)
  File "/home/mas/Inbound/costsummary/admin.py", line 2309, in add_view
    ret = self.changeform_view(request, None, form_url, extra_context)
  File "/home/mas/env/lib/python3.6/site-packages/django/utils/decorators.py", line 67, in _wrapper
    return bound_func(*args, **kwargs)
  File "/home/mas/env/lib/python3.6/site-packages/django/utils/decorators.py", line 149, in _wrapped_view
    response = view_func(request, *args, **kwargs)
  File "/home/mas/env/lib/python3.6/site-packages/django/utils/decorators.py", line 63, in bound_func
    return func.__get__(self, type(self))(*args2, **kwargs2)
  File "/home/mas/env/lib/python3.6/site-packages/django/contrib/admin/options.py", line 1408, in changeform_view
    return self._changeform_view(request, object_id, form_url, extra_context)
  File "/home/mas/env/lib/python3.6/site-packages/django/contrib/admin/options.py", line 1453, in _changeform_view
    return self.response_add(request, new_object)
  File "/home/mas/Inbound/costsummary/admin.py", line 2321, in response_add
    post_file = request.FILES['file_to_be_uploaded']
  File "/home/mas/env/lib/python3.6/site-packages/django/utils/datastructures.py", line 85, in __getitem__
    raise MultiValueDictKeyError(repr(key))
django.utils.datastructures.MultiValueDictKeyError: "'file_to_be_uploaded'"
[10/Aug/2018 13:53:41] "POST /admin/costsummary/uploadhandler/add/?model_name=999 HTTP/1.1" 500 123484
Not Found: /favicon.ico
[10/Aug/2018 13:53:41] "GET /favicon.ico HTTP/1.1" 404 2292
Not Found: /favicon.ico
[10/Aug/2018 13:53:43] "GET /favicon.ico HTTP/1.1" 404 2292
[10/Aug/2018 13:53:45] "GET /admin/costsummary/uploadhandler/add/?model_name=999 HTTP/1.1" 200 39502
[10/Aug/2018 13:53:45] "GET /jet/jsi18n/ HTTP/1.1" 200 7607
[10/Aug/2018 13:53:45] "GET /admin/jsi18n/ HTTP/1.1" 200 7682
Not Found: /favicon.ico
[10/Aug/2018 13:53:45] "GET /favicon.ico HTTP/1.1" 404 2292
/home/mas/env/lib/python3.6/site-packages/django/db/models/fields/__init__.py:1393: RuntimeWarning: DateTimeField UploadHandler.upload_time received a naive datetime (2018-08-11 00:00:00) while time zone support is active.
  RuntimeWarning)
[10/Aug/2018 13:54:03] "POST /admin/costsummary/uploadhandler/add/?model_name=999 HTTP/1.1" 302 0
[10/Aug/2018 13:54:04] "GET /admin/costsummary/ebom/ HTTP/1.1" 200 230003
[10/Aug/2018 13:54:04] "GET /jet/jsi18n/ HTTP/1.1" 200 7607
[10/Aug/2018 13:54:04] "GET /admin/jsi18n/ HTTP/1.1" 200 7682
Not Found: /favicon.ico
[10/Aug/2018 13:54:04] "GET /favicon.ico HTTP/1.1" 404 2292
[10/Aug/2018 13:54:20] "GET /admin/costsummary/ebom/?p=1 HTTP/1.1" 200 231034
[10/Aug/2018 13:54:20] "GET /jet/jsi18n/ HTTP/1.1" 200 7607
[10/Aug/2018 13:54:20] "GET /admin/jsi18n/ HTTP/1.1" 200 7682
Not Found: /favicon.ico
[10/Aug/2018 13:54:20] "GET /favicon.ico HTTP/1.1" 404 2292
[10/Aug/2018 13:54:33] "GET /admin/costsummary/ebom/?p=2 HTTP/1.1" 200 112153
[10/Aug/2018 13:54:33] "GET /jet/jsi18n/ HTTP/1.1" 200 7607
[10/Aug/2018 13:54:33] "GET /admin/jsi18n/ HTTP/1.1" 200 7682
Not Found: /favicon.ico
[10/Aug/2018 13:54:33] "GET /favicon.ico HTTP/1.1" 404 2292
[10/Aug/2018 13:56:44] "GET / HTTP/1.1" 302 0
[10/Aug/2018 13:56:44] "GET /admin HTTP/1.1" 301 0
[10/Aug/2018 13:56:44] "GET /admin/ HTTP/1.1" 302 0
[10/Aug/2018 13:56:44] "GET /admin/login/?next=/admin/ HTTP/1.1" 200 4396
[10/Aug/2018 13:56:44] "GET /jet/jsi18n/ HTTP/1.1" 200 7607
[12/Aug/2018 19:56:03] "GET /admin/ HTTP/1.0" 302 0
[12/Aug/2018 19:56:03] "GET /admin/login/?next=/admin/ HTTP/1.0" 200 4396
[12/Aug/2018 19:56:03] "GET /static/admin/css/base.css HTTP/1.0" 200 0
[12/Aug/2018 19:56:03] "GET /static/jet/css/vendor.css?v=1.0.6 HTTP/1.0" 304 0
[12/Aug/2018 19:56:03] "GET /static/jet/css/icons/style.css?v=1.0.6 HTTP/1.0" 304 0
[12/Aug/2018 19:56:03] "GET /static/jet/css/themes/default/base.css?v=1.0.6 HTTP/1.0" 304 0
[12/Aug/2018 19:56:03] "GET /static/jet/css/themes/default/select2.theme.css?v=1.0.6 HTTP/1.0" 304 0
[12/Aug/2018 19:56:03] "GET /static/jet/css/themes/default/jquery-ui.theme.css?v=1.0.6 HTTP/1.0" 304 0
[12/Aug/2018 19:56:03] "GET /static/admin/css/login.css HTTP/1.0" 200 0
[12/Aug/2018 19:56:03] "GET /jet/jsi18n/ HTTP/1.0" 200 7607
[12/Aug/2018 19:56:03] "GET /static/jet/js/build/bundle.min.js?v=1.0.6 HTTP/1.0" 304 0
[12/Aug/2018 19:56:04] "GET /static/jet/css/icons/fonts/jet-icons.eot?415d6s HTTP/1.0" 304 0
Not Found: /favicon.ico
[12/Aug/2018 19:56:04] "GET /favicon.ico HTTP/1.0" 404 2292
[12/Aug/2018 20:07:35] "GET /admin/ HTTP/1.0" 302 0
[12/Aug/2018 20:07:35] "GET /admin/login/?next=/admin/ HTTP/1.0" 200 4396
[12/Aug/2018 20:07:35] "GET /static/jet/css/vendor.css?v=1.0.6 HTTP/1.0" 304 0
[12/Aug/2018 20:07:35] "GET /static/jet/css/icons/style.css?v=1.0.6 HTTP/1.0" 304 0
[12/Aug/2018 20:07:35] "GET /static/jet/css/themes/default/select2.theme.css?v=1.0.6 HTTP/1.0" 304 0
[12/Aug/2018 20:07:35] "GET /static/jet/css/themes/default/base.css?v=1.0.6 HTTP/1.0" 304 0
[12/Aug/2018 20:07:35] "GET /static/admin/css/base.css HTTP/1.0" 200 0
[12/Aug/2018 20:07:35] "GET /static/jet/css/themes/default/jquery-ui.theme.css?v=1.0.6 HTTP/1.0" 304 0
[12/Aug/2018 20:07:35] "GET /static/jet/js/build/bundle.min.js?v=1.0.6 HTTP/1.0" 304 0
[12/Aug/2018 20:07:35] "GET /jet/jsi18n/ HTTP/1.0" 200 7607
[12/Aug/2018 20:07:35] "GET /static/admin/css/login.css HTTP/1.0" 200 0
[12/Aug/2018 20:07:35] "GET /static/jet/css/icons/fonts/jet-icons.eot?415d6s HTTP/1.0" 304 0
Not Found: /favicon.ico
[12/Aug/2018 20:07:35] "GET /favicon.ico HTTP/1.0" 404 2292
[13/Aug/2018 09:41:58] "GET /admin/ HTTP/1.1" 302 0
[13/Aug/2018 09:41:58] "GET /admin/login/?next=/admin/ HTTP/1.1" 200 4396
Not Found: /favicon.ico
[13/Aug/2018 09:41:59] "GET /favicon.ico HTTP/1.1" 404 2292
[13/Aug/2018 09:42:10] "GET /admin/ HTTP/1.1" 302 0
[13/Aug/2018 09:42:10] "GET /admin/login/?next=/admin/ HTTP/1.1" 200 4396
[13/Aug/2018 09:42:10] "GET /static/jet/css/vendor.css?v=1.0.6 HTTP/1.1" 304 0
[13/Aug/2018 09:42:10] "GET /static/admin/css/base.css HTTP/1.1" 304 0
[13/Aug/2018 09:42:10] "GET /static/jet/css/icons/style.css?v=1.0.6 HTTP/1.1" 304 0
[13/Aug/2018 09:42:10] "GET /static/jet/css/themes/default/base.css?v=1.0.6 HTTP/1.1" 304 0
[13/Aug/2018 09:42:10] "GET /static/jet/css/themes/default/jquery-ui.theme.css?v=1.0.6 HTTP/1.1" 304 0
[13/Aug/2018 09:42:10] "GET /static/jet/css/themes/default/select2.theme.css?v=1.0.6 HTTP/1.1" 304 0
[13/Aug/2018 09:42:10] "GET /static/admin/css/login.css HTTP/1.1" 304 0
[13/Aug/2018 09:42:10] "GET /static/jet/js/build/bundle.min.js?v=1.0.6 HTTP/1.1" 304 0
[13/Aug/2018 09:42:10] "GET /jet/jsi18n/ HTTP/1.1" 200 7607
Not Found: /favicon.ico
[13/Aug/2018 09:42:10] "GET /favicon.ico HTTP/1.1" 404 2292
[13/Aug/2018 09:42:12] "POST /admin/login/?next=/admin/ HTTP/1.1" 302 0
[13/Aug/2018 09:42:12] "GET /admin/ HTTP/1.1" 200 46394
[13/Aug/2018 09:42:12] "GET /jet/jsi18n/ HTTP/1.1" 200 7607
[13/Aug/2018 09:42:12] "GET /static/admin/css/dashboard.css HTTP/1.1" 304 0
[13/Aug/2018 09:42:12] "GET /static/jet/css/icons/fonts/jet-icons.ttf?415d6s HTTP/1.1" 304 0
[13/Aug/2018 09:51:01] "GET /static/admin/css/changelists.css HTTP/1.1" 304 0
[13/Aug/2018 09:51:01] "GET /static/admin/js/vendor/jquery/jquery.js HTTP/1.1" 304 0
[13/Aug/2018 09:51:01] "GET /jet/jsi18n/ HTTP/1.1" 200 7607
[13/Aug/2018 09:51:01] "GET /static/admin/js/core.js HTTP/1.1" 304 0
[13/Aug/2018 09:51:01] "GET /admin/jsi18n/ HTTP/1.1" 200 7682
[13/Aug/2018 09:51:01] "GET /static/admin/js/jquery.init.js HTTP/1.1" 304 0
[13/Aug/2018 09:51:01] "GET /static/admin/js/actions.js HTTP/1.1" 304 0
[13/Aug/2018 09:51:01] "GET /static/admin/js/prepopulate.js HTTP/1.1" 304 0
[13/Aug/2018 09:51:01] "GET /static/admin/js/urlify.js HTTP/1.1" 304 0
[13/Aug/2018 09:51:01] "GET /static/admin/js/admin/RelatedObjectLookups.js HTTP/1.1" 304 0
[13/Aug/2018 09:51:01] "GET /admin/costsummary/ebom/ HTTP/1.1" 200 230003
[13/Aug/2018 09:51:01] "GET /static/admin/js/vendor/xregexp/xregexp.js HTTP/1.1" 304 0
[13/Aug/2018 09:51:01] "GET /static/admin/img/search.svg HTTP/1.1" 304 0
[13/Aug/2018 09:51:03] "GET /admin/costsummary/uploadhandler/add/? HTTP/1.1" 200 32926
[13/Aug/2018 09:51:03] "GET /static/admin/css/forms.css HTTP/1.1" 304 0
[13/Aug/2018 09:51:03] "GET /static/admin/js/prepopulate_init.js HTTP/1.1" 304 0
[13/Aug/2018 09:51:03] "GET /static/admin/js/change_form.js HTTP/1.1" 304 0
[13/Aug/2018 09:51:03] "GET /jet/jsi18n/ HTTP/1.1" 200 7607
[13/Aug/2018 09:51:03] "GET /admin/jsi18n/ HTTP/1.1" 200 7682
/home/mas/env/lib/python3.6/site-packages/django/db/models/fields/__init__.py:1393: RuntimeWarning: DateTimeField UploadHandler.upload_time received a naive datetime (2018-08-14 00:00:00) while time zone support is active.
  RuntimeWarning)
[13/Aug/2018 09:51:22] "POST /admin/costsummary/uploadhandler/add/? HTTP/1.1" 302 0
[13/Aug/2018 09:51:22] "GET /jet/jsi18n/ HTTP/1.1" 200 7607
[13/Aug/2018 09:51:22] "GET /admin/costsummary/inboundccsupplierrate/ HTTP/1.1" 200 117308
[13/Aug/2018 09:51:22] "GET /admin/jsi18n/ HTTP/1.1" 200 7682
[13/Aug/2018 09:52:56] "GET /jet/jsi18n/ HTTP/1.1" 200 7607
[13/Aug/2018 09:52:56] "GET /admin/costsummary/ebom/ HTTP/1.1" 200 230003
[13/Aug/2018 09:52:56] "GET /admin/jsi18n/ HTTP/1.1" 200 7682
[13/Aug/2018 09:53:00] "GET /admin/costsummary/uploadhandler/add/? HTTP/1.1" 200 32926
[13/Aug/2018 09:53:00] "GET /jet/jsi18n/ HTTP/1.1" 200 7607
[13/Aug/2018 09:53:00] "GET /admin/jsi18n/ HTTP/1.1" 200 7682
[13/Aug/2018 09:53:08] "POST /admin/costsummary/uploadhandler/add/? HTTP/1.1" 302 0
[13/Aug/2018 09:53:09] "GET /admin/costsummary/inboundccsupplierrate/ HTTP/1.1" 200 117308
[13/Aug/2018 09:53:09] "GET /jet/jsi18n/ HTTP/1.1" 200 7607
[13/Aug/2018 09:53:09] "GET /admin/jsi18n/ HTTP/1.1" 200 7682
[13/Aug/2018 09:55:41] "GET /admin/ HTTP/1.0" 302 0
[13/Aug/2018 09:55:42] "GET /admin/login/?next=/admin/ HTTP/1.0" 200 4396
[13/Aug/2018 09:55:42] "GET /static/jet/css/vendor.css?v=1.0.6 HTTP/1.0" 304 0
[13/Aug/2018 09:55:42] "GET /static/jet/css/icons/style.css?v=1.0.6 HTTP/1.0" 304 0
[13/Aug/2018 09:55:42] "GET /static/jet/css/themes/default/base.css?v=1.0.6 HTTP/1.0" 304 0
[13/Aug/2018 09:55:42] "GET /static/jet/js/build/bundle.min.js?v=1.0.6 HTTP/1.0" 304 0
[13/Aug/2018 09:55:42] "GET /static/jet/css/themes/default/jquery-ui.theme.css?v=1.0.6 HTTP/1.0" 304 0
[13/Aug/2018 09:55:42] "GET /static/admin/css/login.css HTTP/1.0" 200 0
[13/Aug/2018 09:55:42] "GET /jet/jsi18n/ HTTP/1.0" 200 7607
[13/Aug/2018 09:55:42] "GET /static/admin/css/base.css HTTP/1.0" 200 0
[13/Aug/2018 09:55:43] "GET /static/jet/css/themes/default/select2.theme.css?v=1.0.6 HTTP/1.0" 304 0
[13/Aug/2018 09:55:43] "GET /static/jet/css/icons/fonts/jet-icons.eot?415d6s HTTP/1.0" 304 0
[13/Aug/2018 09:55:49] "POST /admin/login/?next=/admin/ HTTP/1.0" 302 0
[13/Aug/2018 09:55:49] "GET /admin/ HTTP/1.0" 200 46394
[13/Aug/2018 09:55:49] "GET /static/admin/css/base.css HTTP/1.0" 200 0
[13/Aug/2018 09:55:49] "GET /static/jet/js/build/bundle.min.js?v=1.0.6 HTTP/1.0" 304 0
[13/Aug/2018 09:55:49] "GET /jet/jsi18n/ HTTP/1.0" 200 7607
[13/Aug/2018 09:55:49] "GET /static/admin/css/dashboard.css HTTP/1.0" 200 0
[13/Aug/2018 09:55:49] "GET /static/jet/css/themes/default/jquery-ui.theme.css?v=1.0.6 HTTP/1.0" 304 0
[13/Aug/2018 09:55:49] "GET /static/jet/css/vendor.css?v=1.0.6 HTTP/1.0" 304 0
[13/Aug/2018 09:55:49] "GET /static/jet/css/icons/style.css?v=1.0.6 HTTP/1.0" 304 0
[13/Aug/2018 09:55:49] "GET /static/jet/css/themes/default/select2.theme.css?v=1.0.6 HTTP/1.0" 304 0
[13/Aug/2018 09:55:49] "GET /static/jet/css/themes/default/base.css?v=1.0.6 HTTP/1.0" 304 0
[13/Aug/2018 09:55:50] "GET /static/jet/css/icons/fonts/jet-icons.eot?415d6s HTTP/1.0" 304 0
[13/Aug/2018 09:55:54] "GET /admin/costsummary/inboundccsupplierrate/ HTTP/1.0" 200 117308
[13/Aug/2018 09:55:54] "GET /static/admin/css/changelists.css HTTP/1.0" 200 0
[13/Aug/2018 09:55:54] "GET /static/jet/js/build/bundle.min.js?v=1.0.6 HTTP/1.0" 304 0
[13/Aug/2018 09:55:54] "GET /static/jet/css/themes/default/jquery-ui.theme.css?v=1.0.6 HTTP/1.0" 304 0
[13/Aug/2018 09:55:54] "GET /static/jet/css/themes/default/select2.theme.css?v=1.0.6 HTTP/1.0" 304 0
[13/Aug/2018 09:55:54] "GET /jet/jsi18n/ HTTP/1.0" 200 7607
[13/Aug/2018 09:55:54] "GET /static/jet/css/icons/style.css?v=1.0.6 HTTP/1.0" 304 0
[13/Aug/2018 09:55:54] "GET /static/admin/js/core.js HTTP/1.0" 304 0
[13/Aug/2018 09:55:54] "GET /static/jet/css/themes/default/base.css?v=1.0.6 HTTP/1.0" 304 0
[13/Aug/2018 09:55:54] "GET /static/admin/js/jquery.init.js HTTP/1.0" 304 0
[13/Aug/2018 09:55:54] "GET /static/admin/js/admin/RelatedObjectLookups.js HTTP/1.0" 200 0
[13/Aug/2018 09:55:54] "GET /static/admin/js/urlify.js HTTP/1.0" 304 0
[13/Aug/2018 09:55:54] "GET /static/admin/js/actions.js HTTP/1.0" 304 0
[13/Aug/2018 09:55:54] "GET /static/admin/css/base.css HTTP/1.0" 200 0
[13/Aug/2018 09:55:54] "GET /static/admin/js/prepopulate.js HTTP/1.0" 304 0
[13/Aug/2018 09:55:54] "GET /static/admin/js/vendor/xregexp/xregexp.js HTTP/1.0" 304 0
[13/Aug/2018 09:55:54] "GET /static/admin/js/vendor/jquery/jquery.js HTTP/1.0" 304 0
[13/Aug/2018 09:55:54] "GET /admin/jsi18n/ HTTP/1.0" 200 7682
[13/Aug/2018 09:55:55] "GET /static/jet/css/vendor.css?v=1.0.6 HTTP/1.0" 304 0
[13/Aug/2018 09:55:56] "GET /static/jet/css/icons/fonts/jet-icons.eot?415d6s HTTP/1.0" 304 0
[13/Aug/2018 09:56:01] "GET /admin/ HTTP/1.0" 200 46394
[13/Aug/2018 09:56:01] "GET /static/jet/css/icons/style.css?v=1.0.6 HTTP/1.0" 304 0
[13/Aug/2018 09:56:01] "GET /static/jet/css/themes/default/base.css?v=1.0.6 HTTP/1.0" 304 0
[13/Aug/2018 09:56:01] "GET /static/jet/css/vendor.css?v=1.0.6 HTTP/1.0" 304 0
[13/Aug/2018 09:56:01] "GET /static/jet/css/themes/default/jquery-ui.theme.css?v=1.0.6 HTTP/1.0" 304 0
[13/Aug/2018 09:56:01] "GET /static/admin/css/dashboard.css HTTP/1.0" 200 0
[13/Aug/2018 09:56:01] "GET /jet/jsi18n/ HTTP/1.0" 200 7607
[13/Aug/2018 09:56:01] "GET /static/jet/js/build/bundle.min.js?v=1.0.6 HTTP/1.0" 304 0
[13/Aug/2018 09:56:01] "GET /static/admin/css/base.css HTTP/1.0" 200 0
[13/Aug/2018 09:56:01] "GET /static/jet/css/themes/default/select2.theme.css?v=1.0.6 HTTP/1.0" 304 0
[13/Aug/2018 09:56:01] "GET /static/jet/css/icons/fonts/jet-icons.eot?415d6s HTTP/1.0" 304 0
[13/Aug/2018 09:56:04] "GET /admin/costsummary/ebom/ HTTP/1.0" 200 230003
[13/Aug/2018 09:56:04] "GET /static/admin/css/base.css HTTP/1.0" 200 0
[13/Aug/2018 09:56:04] "GET /static/jet/css/vendor.css?v=1.0.6 HTTP/1.0" 304 0
[13/Aug/2018 09:56:04] "GET /static/jet/css/icons/style.css?v=1.0.6 HTTP/1.0" 304 0
[13/Aug/2018 09:56:04] "GET /static/jet/js/build/bundle.min.js?v=1.0.6 HTTP/1.0" 304 0
[13/Aug/2018 09:56:04] "GET /static/admin/css/changelists.css HTTP/1.0" 200 0
[13/Aug/2018 09:56:04] "GET /static/jet/css/themes/default/select2.theme.css?v=1.0.6 HTTP/1.0" 304 0
[13/Aug/2018 09:56:04] "GET /static/jet/css/themes/default/jquery-ui.theme.css?v=1.0.6 HTTP/1.0" 304 0
[13/Aug/2018 09:56:04] "GET /jet/jsi18n/ HTTP/1.0" 200 7607
[13/Aug/2018 09:56:04] "GET /admin/jsi18n/ HTTP/1.0" 200 7682
[13/Aug/2018 09:56:04] "GET /static/admin/js/admin/RelatedObjectLookups.js HTTP/1.0" 200 0
[13/Aug/2018 09:56:04] "GET /static/admin/img/search.svg HTTP/1.0" 304 0
[13/Aug/2018 09:56:05] "GET /static/jet/css/themes/default/base.css?v=1.0.6 HTTP/1.0" 304 0
[13/Aug/2018 09:56:05] "GET /static/jet/css/icons/fonts/jet-icons.eot?415d6s HTTP/1.0" 304 0
[13/Aug/2018 09:56:09] "GET /admin/costsummary/uploadhandler/add/? HTTP/1.0" 200 32926
[13/Aug/2018 09:56:09] "GET /static/jet/css/themes/default/base.css?v=1.0.6 HTTP/1.0" 304 0
[13/Aug/2018 09:56:09] "GET /jet/jsi18n/ HTTP/1.0" 200 7607
[13/Aug/2018 09:56:09] "GET /static/jet/css/icons/style.css?v=1.0.6 HTTP/1.0" 304 0
[13/Aug/2018 09:56:09] "GET /static/jet/js/build/bundle.min.js?v=1.0.6 HTTP/1.0" 304 0
[13/Aug/2018 09:56:09] "GET /admin/jsi18n/ HTTP/1.0" 200 7682
[13/Aug/2018 09:56:09] "GET /static/admin/css/base.css HTTP/1.0" 200 0
[13/Aug/2018 09:56:09] "GET /static/admin/js/admin/RelatedObjectLookups.js HTTP/1.0" 200 0
[13/Aug/2018 09:56:09] "GET /static/jet/css/vendor.css?v=1.0.6 HTTP/1.0" 304 0
[13/Aug/2018 09:56:09] "GET /static/admin/js/prepopulate_init.js HTTP/1.0" 304 0
[13/Aug/2018 09:56:09] "GET /static/jet/css/themes/default/select2.theme.css?v=1.0.6 HTTP/1.0" 304 0
[13/Aug/2018 09:56:09] "GET /static/jet/css/themes/default/jquery-ui.theme.css?v=1.0.6 HTTP/1.0" 304 0
[13/Aug/2018 09:56:09] "GET /static/admin/css/forms.css HTTP/1.0" 200 0
[13/Aug/2018 09:56:10] "GET /static/admin/js/change_form.js HTTP/1.0" 304 0
[13/Aug/2018 09:56:10] "GET /static/jet/css/icons/fonts/jet-icons.eot?415d6s HTTP/1.0" 304 0
[13/Aug/2018 09:56:21] "POST /admin/costsummary/uploadhandler/add/? HTTP/1.0" 302 0
[13/Aug/2018 09:56:22] "GET /admin/costsummary/inboundccsupplierrate/ HTTP/1.0" 200 117308
[13/Aug/2018 09:56:22] "GET /static/admin/css/changelists.css HTTP/1.0" 200 0
[13/Aug/2018 09:56:22] "GET /static/jet/css/themes/default/jquery-ui.theme.css?v=1.0.6 HTTP/1.0" 304 0
[13/Aug/2018 09:56:22] "GET /admin/jsi18n/ HTTP/1.0" 200 7682
[13/Aug/2018 09:56:22] "GET /static/jet/css/icons/style.css?v=1.0.6 HTTP/1.0" 304 0
[13/Aug/2018 09:56:22] "GET /static/jet/js/build/bundle.min.js?v=1.0.6 HTTP/1.0" 304 0
[13/Aug/2018 09:56:22] "GET /jet/jsi18n/ HTTP/1.0" 200 7607
[13/Aug/2018 09:56:22] "GET /static/jet/css/vendor.css?v=1.0.6 HTTP/1.0" 304 0
[13/Aug/2018 09:56:22] "GET /static/jet/css/themes/default/base.css?v=1.0.6 HTTP/1.0" 304 0
[13/Aug/2018 09:56:22] "GET /static/admin/js/admin/RelatedObjectLookups.js HTTP/1.0" 200 0
[13/Aug/2018 09:56:22] "GET /static/jet/css/themes/default/select2.theme.css?v=1.0.6 HTTP/1.0" 304 0
[13/Aug/2018 09:56:23] "GET /static/admin/css/base.css HTTP/1.0" 200 0
[13/Aug/2018 09:56:24] "GET /static/jet/css/icons/fonts/jet-icons.eot?415d6s HTTP/1.0" 304 0
[13/Aug/2018 09:56:34] "GET /admin/costsummary/inboundccsupplierrate/?all= HTTP/1.0" 200 129853
[13/Aug/2018 09:56:34] "GET /static/admin/css/base.css HTTP/1.0" 200 0
[13/Aug/2018 09:56:34] "GET /static/jet/css/themes/default/select2.theme.css?v=1.0.6 HTTP/1.0" 304 0
[13/Aug/2018 09:56:34] "GET /static/jet/css/themes/default/base.css?v=1.0.6 HTTP/1.0" 304 0
[13/Aug/2018 09:56:34] "GET /static/jet/css/themes/default/jquery-ui.theme.css?v=1.0.6 HTTP/1.0" 304 0
[13/Aug/2018 09:56:34] "GET /static/jet/css/icons/style.css?v=1.0.6 HTTP/1.0" 304 0
[13/Aug/2018 09:56:34] "GET /static/admin/css/changelists.css HTTP/1.0" 200 0
[13/Aug/2018 09:56:34] "GET /static/jet/css/vendor.css?v=1.0.6 HTTP/1.0" 304 0
[13/Aug/2018 09:56:34] "GET /static/jet/js/build/bundle.min.js?v=1.0.6 HTTP/1.0" 304 0
[13/Aug/2018 09:56:34] "GET /admin/jsi18n/ HTTP/1.0" 200 7682
[13/Aug/2018 09:56:34] "GET /static/admin/js/admin/RelatedObjectLookups.js HTTP/1.0" 200 0
[13/Aug/2018 09:56:35] "GET /jet/jsi18n/ HTTP/1.0" 200 7607
[13/Aug/2018 09:56:35] "GET /static/jet/css/icons/fonts/jet-icons.eot?415d6s HTTP/1.0" 304 0
[13/Aug/2018 09:56:42] "GET /admin/costsummary/ HTTP/1.0" 200 41982
[13/Aug/2018 09:56:42] "GET /static/jet/css/themes/default/base.css?v=1.0.6 HTTP/1.0" 304 0
[13/Aug/2018 09:56:42] "GET /static/jet/css/icons/style.css?v=1.0.6 HTTP/1.0" 304 0
[13/Aug/2018 09:56:42] "GET /static/jet/css/themes/default/jquery-ui.theme.css?v=1.0.6 HTTP/1.0" 304 0
[13/Aug/2018 09:56:42] "GET /jet/jsi18n/ HTTP/1.0" 200 7607
[13/Aug/2018 09:56:42] "GET /static/admin/css/dashboard.css HTTP/1.0" 200 0
[13/Aug/2018 09:56:42] "GET /static/jet/css/themes/default/select2.theme.css?v=1.0.6 HTTP/1.0" 304 0
[13/Aug/2018 09:56:43] "GET /static/jet/css/vendor.css?v=1.0.6 HTTP/1.0" 304 0
[13/Aug/2018 09:56:43] "GET /static/jet/js/build/bundle.min.js?v=1.0.6 HTTP/1.0" 304 0
[13/Aug/2018 09:56:45] "GET /static/admin/css/base.css HTTP/1.0" 200 0
[13/Aug/2018 09:56:46] "GET /static/jet/css/icons/fonts/jet-icons.eot?415d6s HTTP/1.0" 304 0
[13/Aug/2018 10:00:47] "GET /admin/ HTTP/1.0" 200 46394
[13/Aug/2018 10:00:47] "GET /static/jet/css/vendor.css?v=1.0.6 HTTP/1.0" 304 0
[13/Aug/2018 10:00:47] "GET /static/admin/css/dashboard.css HTTP/1.0" 200 0
[13/Aug/2018 10:00:47] "GET /static/jet/css/themes/default/base.css?v=1.0.6 HTTP/1.0" 304 0
[13/Aug/2018 10:00:47] "GET /static/jet/css/themes/default/select2.theme.css?v=1.0.6 HTTP/1.0" 304 0
[13/Aug/2018 10:00:47] "GET /static/jet/js/build/bundle.min.js?v=1.0.6 HTTP/1.0" 304 0
[13/Aug/2018 10:00:47] "GET /static/jet/css/themes/default/jquery-ui.theme.css?v=1.0.6 HTTP/1.0" 304 0
[13/Aug/2018 10:00:47] "GET /static/admin/css/base.css HTTP/1.0" 200 0
[13/Aug/2018 10:00:47] "GET /jet/jsi18n/ HTTP/1.0" 200 7607
[13/Aug/2018 10:00:47] "GET /static/jet/css/icons/style.css?v=1.0.6 HTTP/1.0" 304 0
[13/Aug/2018 10:00:47] "GET /static/jet/css/icons/fonts/jet-icons.eot?415d6s HTTP/1.0" 304 0
[13/Aug/2018 10:00:50] "GET /admin/costsummary/inboundsupplierrate/ HTTP/1.0" 200 101127
[13/Aug/2018 10:00:50] "GET /static/jet/css/icons/style.css?v=1.0.6 HTTP/1.0" 304 0
[13/Aug/2018 10:00:50] "GET /static/jet/css/vendor.css?v=1.0.6 HTTP/1.0" 304 0
[13/Aug/2018 10:00:50] "GET /static/jet/css/themes/default/select2.theme.css?v=1.0.6 HTTP/1.0" 304 0
[13/Aug/2018 10:00:50] "GET /static/jet/css/themes/default/base.css?v=1.0.6 HTTP/1.0" 304 0
[13/Aug/2018 10:00:50] "GET /static/admin/css/changelists.css HTTP/1.0" 200 0
[13/Aug/2018 10:00:50] "GET /static/jet/js/build/bundle.min.js?v=1.0.6 HTTP/1.0" 304 0
[13/Aug/2018 10:00:50] "GET /static/admin/css/base.css HTTP/1.0" 200 0
[13/Aug/2018 10:00:50] "GET /admin/jsi18n/ HTTP/1.0" 200 7682
[13/Aug/2018 10:00:50] "GET /static/jet/css/themes/default/jquery-ui.theme.css?v=1.0.6 HTTP/1.0" 304 0
[13/Aug/2018 10:00:50] "GET /static/admin/js/admin/RelatedObjectLookups.js HTTP/1.0" 200 0
[13/Aug/2018 10:00:51] "GET /jet/jsi18n/ HTTP/1.0" 200 7607
[13/Aug/2018 10:00:51] "GET /static/jet/css/icons/fonts/jet-icons.eot?415d6s HTTP/1.0" 304 0
[13/Aug/2018 10:02:40] "GET /admin/ HTTP/1.0" 200 46394
[13/Aug/2018 10:02:40] "GET /static/jet/css/vendor.css?v=1.0.6 HTTP/1.0" 304 0
[13/Aug/2018 10:02:40] "GET /static/jet/css/themes/default/base.css?v=1.0.6 HTTP/1.0" 304 0
[13/Aug/2018 10:02:40] "GET /static/admin/css/base.css HTTP/1.0" 200 0
[13/Aug/2018 10:02:40] "GET /static/jet/css/themes/default/select2.theme.css?v=1.0.6 HTTP/1.0" 304 0
[13/Aug/2018 10:02:40] "GET /static/jet/css/themes/default/jquery-ui.theme.css?v=1.0.6 HTTP/1.0" 304 0
[13/Aug/2018 10:02:40] "GET /static/admin/css/dashboard.css HTTP/1.0" 200 0
[13/Aug/2018 10:02:40] "GET /static/jet/js/build/bundle.min.js?v=1.0.6 HTTP/1.0" 304 0
[13/Aug/2018 10:02:40] "GET /jet/jsi18n/ HTTP/1.0" 200 7607
[13/Aug/2018 10:02:41] "GET /static/jet/css/icons/style.css?v=1.0.6 HTTP/1.0" 304 0
[13/Aug/2018 10:02:41] "GET /static/jet/css/icons/fonts/jet-icons.eot?415d6s HTTP/1.0" 304 0
[13/Aug/2018 10:02:49] "GET /admin/costsummary/inboundcclocations/ HTTP/1.0" 200 62064
[13/Aug/2018 10:02:50] "GET /static/jet/css/themes/default/base.css?v=1.0.6 HTTP/1.0" 304 0
[13/Aug/2018 10:02:50] "GET /static/jet/css/icons/style.css?v=1.0.6 HTTP/1.0" 304 0
[13/Aug/2018 10:02:50] "GET /static/admin/css/base.css HTTP/1.0" 200 0
[13/Aug/2018 10:02:50] "GET /jet/jsi18n/ HTTP/1.0" 200 7607
[13/Aug/2018 10:02:50] "GET /static/jet/js/build/bundle.min.js?v=1.0.6 HTTP/1.0" 304 0
[13/Aug/2018 10:02:50] "GET /static/admin/js/admin/RelatedObjectLookups.js HTTP/1.0" 200 0
[13/Aug/2018 10:02:50] "GET /admin/jsi18n/ HTTP/1.0" 200 7682
[13/Aug/2018 10:02:50] "GET /static/admin/css/changelists.css HTTP/1.0" 200 0
[13/Aug/2018 10:02:50] "GET /static/jet/css/themes/default/jquery-ui.theme.css?v=1.0.6 HTTP/1.0" 304 0
[13/Aug/2018 10:02:50] "GET /static/jet/css/themes/default/select2.theme.css?v=1.0.6 HTTP/1.0" 304 0
[13/Aug/2018 10:02:51] "GET /static/jet/css/vendor.css?v=1.0.6 HTTP/1.0" 304 0
[13/Aug/2018 10:02:51] "GET /static/jet/css/icons/fonts/jet-icons.eot?415d6s HTTP/1.0" 304 0
[13/Aug/2018 10:11:00] "GET /admin/jsi18n/ HTTP/1.1" 200 7682
[13/Aug/2018 10:11:00] "GET /jet/jsi18n/ HTTP/1.1" 200 7607
[13/Aug/2018 10:11:00] "GET /admin/costsummary/ebom/ HTTP/1.1" 200 230003
[13/Aug/2018 10:23:31] "GET /admin/ HTTP/1.0" 200 46394
[13/Aug/2018 10:23:31] "GET /static/admin/css/base.css HTTP/1.0" 200 0
[13/Aug/2018 10:23:31] "GET /static/jet/css/themes/default/select2.theme.css?v=1.0.6 HTTP/1.0" 304 0
[13/Aug/2018 10:23:31] "GET /static/jet/css/icons/style.css?v=1.0.6 HTTP/1.0" 304 0
[13/Aug/2018 10:23:31] "GET /static/jet/css/vendor.css?v=1.0.6 HTTP/1.0" 304 0
[13/Aug/2018 10:23:31] "GET /static/jet/css/themes/default/base.css?v=1.0.6 HTTP/1.0" 304 0
[13/Aug/2018 10:23:31] "GET /static/jet/css/themes/default/jquery-ui.theme.css?v=1.0.6 HTTP/1.0" 304 0
[13/Aug/2018 10:23:31] "GET /jet/jsi18n/ HTTP/1.0" 200 7607
[13/Aug/2018 10:23:31] "GET /static/admin/css/dashboard.css HTTP/1.0" 200 0
[13/Aug/2018 10:23:31] "GET /static/jet/js/build/bundle.min.js?v=1.0.6 HTTP/1.0" 304 0
[13/Aug/2018 10:23:32] "GET /static/jet/css/icons/fonts/jet-icons.eot?415d6s HTTP/1.0" 304 0
Not Found: /favicon.ico
[13/Aug/2018 10:23:32] "GET /favicon.ico HTTP/1.0" 404 2292
[13/Aug/2018 14:23:21] "GET /jet/jsi18n/ HTTP/1.1" 200 7607
[13/Aug/2018 14:23:21] "GET /admin/ HTTP/1.1" 200 46394
Not Found: /favicon.ico
[13/Aug/2018 14:23:22] "GET /favicon.ico HTTP/1.1" 404 2292
[13/Aug/2018 14:23:26] "GET /jet/jsi18n/ HTTP/1.1" 200 7607
[13/Aug/2018 14:23:26] "GET /admin/jsi18n/ HTTP/1.1" 200 7682
[13/Aug/2018 14:23:27] "GET /admin/costsummary/ebom/ HTTP/1.1" 200 230003
[13/Aug/2018 14:23:55] "GET /admin/costsummary/uploadhandler/add/?model_name=999 HTTP/1.1" 200 39502
[13/Aug/2018 14:23:55] "GET /jet/jsi18n/ HTTP/1.1" 200 7607
[13/Aug/2018 14:23:55] "GET /admin/jsi18n/ HTTP/1.1" 200 7682
[13/Aug/2018 14:23:55] "GET /static/admin/img/icon-changelink.svg HTTP/1.1" 304 0
[13/Aug/2018 14:23:55] "GET /static/admin/img/icon-addlink.svg HTTP/1.1" 304 0
[13/Aug/2018 14:25:16] "GET /jet/jsi18n/ HTTP/1.1" 200 7607
[13/Aug/2018 14:25:16] "GET /admin/jsi18n/ HTTP/1.1" 200 7682
[13/Aug/2018 14:25:16] "GET /admin/costsummary/ebom/ HTTP/1.1" 200 230003
[13/Aug/2018 14:25:21] "GET /admin/costsummary/uploadhandler/add/?model_name=999 HTTP/1.1" 200 39502
[13/Aug/2018 14:25:21] "GET /jet/jsi18n/ HTTP/1.1" 200 7607
[13/Aug/2018 14:25:21] "GET /admin/jsi18n/ HTTP/1.1" 200 7682
/home/mas/env/lib/python3.6/site-packages/django/db/models/fields/__init__.py:1393: RuntimeWarning: DateTimeField UploadHandler.upload_time received a naive datetime (2018-08-14 00:00:00) while time zone support is active.
  RuntimeWarning)
Not Found: /admin/costsummary/uploadhandler/add/
[13/Aug/2018 14:25:45] "POST /admin/costsummary/uploadhandler/add/?model_name=999 HTTP/1.1" 404 1807
[13/Aug/2018 14:25:50] "GET /admin/costsummary/uploadhandler/add/?model_name=999 HTTP/1.1" 200 39502
/home/mas/env/lib/python3.6/site-packages/django/db/models/fields/__init__.py:1393: RuntimeWarning: DateTimeField UploadHandler.upload_time received a naive datetime (2018-08-14 00:00:00) while time zone support is active.
  RuntimeWarning)
Not Found: /admin/costsummary/uploadhandler/add/
[13/Aug/2018 14:25:57] "POST /admin/costsummary/uploadhandler/add/?model_name=999 HTTP/1.1" 404 1807
[13/Aug/2018 14:25:59] "GET /admin/costsummary/uploadhandler/add/?model_name=999 HTTP/1.1" 200 39502
[13/Aug/2018 14:34:55] "GET /admin/costsummary/nominallabelmapping/ HTTP/1.1" 200 75657
[13/Aug/2018 14:34:55] "GET /jet/jsi18n/ HTTP/1.1" 200 7607
[13/Aug/2018 14:34:55] "GET /admin/jsi18n/ HTTP/1.1" 200 7682
[13/Aug/2018 14:34:59] "GET /admin/costsummary/nominallabelmapping/add/ HTTP/1.1" 200 33027
[13/Aug/2018 14:34:59] "GET /jet/jsi18n/ HTTP/1.1" 200 7607
[13/Aug/2018 14:34:59] "GET /admin/jsi18n/ HTTP/1.1" 200 7682
[13/Aug/2018 14:35:18] "POST /admin/costsummary/nominallabelmapping/add/ HTTP/1.1" 302 0
[13/Aug/2018 14:35:19] "GET /admin/costsummary/nominallabelmapping/ HTTP/1.1" 200 75963
[13/Aug/2018 14:35:19] "GET /jet/jsi18n/ HTTP/1.1" 200 7607
[13/Aug/2018 14:35:19] "GET /admin/jsi18n/ HTTP/1.1" 200 7682
[13/Aug/2018 14:35:26] "GET /admin/jsi18n/ HTTP/1.1" 200 7682
[13/Aug/2018 14:35:26] "GET /jet/jsi18n/ HTTP/1.1" 200 7607
[13/Aug/2018 14:35:26] "GET /admin/costsummary/ebom/ HTTP/1.1" 200 230003
[13/Aug/2018 14:35:28] "GET /admin/costsummary/uploadhandler/add/?model_name=999 HTTP/1.1" 200 39544
[13/Aug/2018 14:35:28] "GET /jet/jsi18n/ HTTP/1.1" 200 7607
[13/Aug/2018 14:35:28] "GET /admin/jsi18n/ HTTP/1.1" 200 7682
/home/mas/env/lib/python3.6/site-packages/django/db/models/fields/__init__.py:1393: RuntimeWarning: DateTimeField UploadHandler.upload_time received a naive datetime (2018-08-14 00:00:00) while time zone support is active.
  RuntimeWarning)
Not Found: /admin/costsummary/uploadhandler/add/
[13/Aug/2018 14:35:47] "POST /admin/costsummary/uploadhandler/add/?model_name=999 HTTP/1.1" 404 1807
[13/Aug/2018 14:35:55] "GET /admin/costsummary/uploadhandler/add/?model_name=999 HTTP/1.1" 200 39544
[13/Aug/2018 14:50:37] "POST /admin/login/?next=/admin/ HTTP/1.1" 302 0
[13/Aug/2018 14:50:37] "GET /admin/ HTTP/1.1" 200 46371
[13/Aug/2018 14:50:37] "GET /static/jet/css/vendor.css?v=1.0.6 HTTP/1.1" 304 0
[13/Aug/2018 14:50:37] "GET /static/jet/css/themes/default/jquery-ui.theme.css?v=1.0.6 HTTP/1.1" 304 0
[13/Aug/2018 14:50:37] "GET /static/admin/css/base.css HTTP/1.1" 304 0
[13/Aug/2018 14:50:37] "GET /static/jet/css/themes/default/base.css?v=1.0.6 HTTP/1.1" 304 0
[13/Aug/2018 14:50:37] "GET /static/jet/css/icons/style.css?v=1.0.6 HTTP/1.1" 304 0
[13/Aug/2018 14:50:37] "GET /static/jet/css/themes/default/select2.theme.css?v=1.0.6 HTTP/1.1" 304 0
[13/Aug/2018 14:50:37] "GET /static/jet/js/build/bundle.min.js?v=1.0.6 HTTP/1.1" 304 0
[13/Aug/2018 14:50:37] "GET /static/admin/css/dashboard.css HTTP/1.1" 304 0
[13/Aug/2018 14:50:37] "GET /jet/jsi18n/ HTTP/1.1" 200 7607
[13/Aug/2018 14:50:37] "GET /static/jet/css/icons/fonts/jet-icons.ttf?415d6s HTTP/1.1" 304 0
[13/Aug/2018 14:51:06] "GET /admin/costsummary/summarystatistic/ HTTP/1.1" 200 35171
[13/Aug/2018 14:51:06] "GET /static/admin/css/changelists.css HTTP/1.1" 304 0
[13/Aug/2018 14:51:06] "GET /jet/jsi18n/ HTTP/1.1" 200 7607
[13/Aug/2018 14:51:06] "GET /static/admin/js/vendor/jquery/jquery.js HTTP/1.1" 304 0
[13/Aug/2018 14:51:06] "GET /static/admin/js/jquery.init.js HTTP/1.1" 304 0
[13/Aug/2018 14:51:06] "GET /static/admin/js/core.js HTTP/1.1" 304 0
[13/Aug/2018 14:51:06] "GET /static/admin/js/admin/RelatedObjectLookups.js HTTP/1.1" 304 0
[13/Aug/2018 14:51:06] "GET /static/admin/js/urlify.js HTTP/1.1" 304 0
[13/Aug/2018 14:51:06] "GET /static/admin/js/actions.js HTTP/1.1" 304 0
[13/Aug/2018 14:51:06] "GET /admin/jsi18n/ HTTP/1.1" 200 7682
[13/Aug/2018 14:51:06] "GET /static/admin/js/prepopulate.js HTTP/1.1" 304 0
[13/Aug/2018 14:51:06] "GET /static/admin/js/vendor/xregexp/xregexp.js HTTP/1.1" 304 0
[13/Aug/2018 14:51:25] "GET /admin/ HTTP/1.1" 200 46371
[13/Aug/2018 14:51:28] "GET /admin/costsummary/basestatistic/ HTTP/1.1" 200 38036
[13/Aug/2018 14:51:28] "GET /jet/jsi18n/ HTTP/1.1" 200 7607
[13/Aug/2018 14:51:28] "GET /admin/jsi18n/ HTTP/1.1" 200 7682
[13/Aug/2018 14:51:28] "GET /static/admin/img/search.svg HTTP/1.1" 304 0
[13/Aug/2018 14:51:37] "GET /admin/costsummary/ HTTP/1.1" 200 41982
[13/Aug/2018 14:51:37] "GET /jet/jsi18n/ HTTP/1.1" 200 7607
[13/Aug/2018 14:51:39] "GET /admin/costsummary/ebom/ HTTP/1.1" 200 230003
[13/Aug/2018 14:51:39] "GET /jet/jsi18n/ HTTP/1.1" 200 7607
[13/Aug/2018 14:51:39] "GET /admin/jsi18n/ HTTP/1.1" 200 7682
[13/Aug/2018 14:51:45] "GET /admin/costsummary/uploadhandler/add/? HTTP/1.1" 200 32926
[13/Aug/2018 14:51:45] "GET /static/admin/css/forms.css HTTP/1.1" 304 0
[13/Aug/2018 14:51:45] "GET /jet/jsi18n/ HTTP/1.1" 200 7607
[13/Aug/2018 14:51:45] "GET /static/admin/js/change_form.js HTTP/1.1" 304 0
[13/Aug/2018 14:51:45] "GET /static/admin/js/prepopulate_init.js HTTP/1.1" 304 0
[13/Aug/2018 14:51:45] "GET /admin/jsi18n/ HTTP/1.1" 200 7682
[13/Aug/2018 14:51:49] "GET /admin/costsummary/ebom/ HTTP/1.1" 200 230003
[13/Aug/2018 14:52:45] "GET /admin/costsummary/uploadhandler/add/? HTTP/1.1" 200 32926
[13/Aug/2018 14:52:45] "GET /jet/jsi18n/ HTTP/1.1" 200 7607
[13/Aug/2018 14:52:45] "GET /admin/jsi18n/ HTTP/1.1" 200 7682
[13/Aug/2018 14:52:55] "GET /admin/costsummary/ HTTP/1.1" 200 41982
[13/Aug/2018 14:52:55] "GET /jet/jsi18n/ HTTP/1.1" 200 7607
/home/mas/env/lib/python3.6/site-packages/django/db/models/fields/__init__.py:1393: RuntimeWarning: DateTimeField UploadHandler.upload_time received a naive datetime (2018-08-14 00:00:00) while time zone support is active.
  RuntimeWarning)
[13/Aug/2018 14:54:21] "POST /admin/costsummary/uploadhandler/add/?model_name=999 HTTP/1.1" 302 0
[13/Aug/2018 14:54:21] "GET /jet/jsi18n/ HTTP/1.1" 200 7607
[13/Aug/2018 14:54:21] "GET /admin/jsi18n/ HTTP/1.1" 200 7682
[13/Aug/2018 14:54:22] "GET /admin/costsummary/ebom/ HTTP/1.1" 200 231890
[13/Aug/2018 14:55:06] "GET /admin/costsummary/ebom/?q=84441765 HTTP/1.1" 200 67627
[13/Aug/2018 14:55:06] "GET /jet/jsi18n/ HTTP/1.1" 200 7607
[13/Aug/2018 14:55:06] "GET /admin/jsi18n/ HTTP/1.1" 200 7682
[13/Aug/2018 14:55:21] "GET /static/admin/js/inlines.js HTTP/1.1" 304 0
[13/Aug/2018 14:55:21] "GET /jet/jsi18n/ HTTP/1.1" 200 7607
[13/Aug/2018 14:55:21] "GET /admin/jsi18n/ HTTP/1.1" 200 7682
[13/Aug/2018 14:55:22] "GET /admin/costsummary/ebom/6151/change/?_changelist_filters=q%3D84441765 HTTP/1.1" 200 988239
[13/Aug/2018 14:56:19] "GET /admin/ HTTP/1.1" 200 46371
[13/Aug/2018 14:56:19] "GET /jet/jsi18n/ HTTP/1.1" 200 7607
[13/Aug/2018 14:56:29] "GET /admin/costsummary/inboundsupplierrate/ HTTP/1.1" 200 101127
[13/Aug/2018 14:56:29] "GET /jet/jsi18n/ HTTP/1.1" 200 7607
[13/Aug/2018 14:56:29] "GET /admin/jsi18n/ HTTP/1.1" 200 7682
[13/Aug/2018 14:56:55] "GET /admin/costsummary/inboundsupplierrate/?q=%E7%83%9F%E5%8F%B0%E4%B9%90%E6%98%9F HTTP/1.1" 200 35949
[13/Aug/2018 14:56:56] "GET /admin/jsi18n/ HTTP/1.1" 200 7682
[13/Aug/2018 14:56:56] "GET /jet/jsi18n/ HTTP/1.1" 200 7607
[13/Aug/2018 15:01:28] "GET /admin/costsummary/ HTTP/1.1" 200 41982
[13/Aug/2018 15:01:28] "GET /jet/jsi18n/ HTTP/1.1" 200 7607
[13/Aug/2018 15:06:21] "GET /admin/costsummary/ebom/ HTTP/1.1" 200 231890
[13/Aug/2018 15:06:21] "GET /jet/jsi18n/ HTTP/1.1" 200 7607
[13/Aug/2018 15:06:21] "GET /admin/jsi18n/ HTTP/1.1" 200 7682
[13/Aug/2018 15:06:23] "GET /admin/costsummary/uploadhandler/add/?model_name=999 HTTP/1.1" 200 39544
[13/Aug/2018 15:06:23] "GET /jet/jsi18n/ HTTP/1.1" 200 7607
[13/Aug/2018 15:06:23] "GET /admin/jsi18n/ HTTP/1.1" 200 7682
[13/Aug/2018 15:06:23] "GET /static/admin/img/icon-changelink.svg HTTP/1.1" 304 0
[13/Aug/2018 15:06:23] "GET /static/admin/img/icon-addlink.svg HTTP/1.1" 304 0
[13/Aug/2018 15:07:19] "POST /admin/costsummary/uploadhandler/add/?model_name=999 HTTP/1.1" 302 0
[13/Aug/2018 15:07:20] "GET /admin/costsummary/ebom/ HTTP/1.1" 200 231890
[13/Aug/2018 15:07:20] "GET /jet/jsi18n/ HTTP/1.1" 200 7607
[13/Aug/2018 15:07:20] "GET /admin/jsi18n/ HTTP/1.1" 200 7682
[13/Aug/2018 15:08:00] "GET /admin/costsummary/ebom/?q=84441765 HTTP/1.1" 200 67627
[13/Aug/2018 15:08:00] "GET /jet/jsi18n/ HTTP/1.1" 200 7607
[13/Aug/2018 15:08:00] "GET /admin/jsi18n/ HTTP/1.1" 200 7682
[13/Aug/2018 15:12:23] "GET /admin/costsummary/uploadhandler/add/?model_name=999 HTTP/1.1" 200 39544
[13/Aug/2018 15:12:23] "GET /jet/jsi18n/ HTTP/1.1" 200 7607
[13/Aug/2018 15:12:23] "GET /admin/jsi18n/ HTTP/1.1" 200 7682
[13/Aug/2018 15:12:54] "POST /admin/costsummary/uploadhandler/add/?model_name=999 HTTP/1.1" 302 0
[13/Aug/2018 15:12:55] "GET /admin/costsummary/ebom/ HTTP/1.1" 200 231890
[13/Aug/2018 15:12:55] "GET /jet/jsi18n/ HTTP/1.1" 200 7607
[13/Aug/2018 15:12:55] "GET /admin/jsi18n/ HTTP/1.1" 200 7682
[13/Aug/2018 17:12:23] "GET / HTTP/1.1" 302 0
[13/Aug/2018 17:12:23] "GET /admin/ HTTP/1.1" 200 46505
[13/Aug/2018 17:12:23] "GET /jet/jsi18n/ HTTP/1.1" 200 7607
[13/Aug/2018 17:12:23] "GET /admin/ HTTP/1.1" 200 46505
[13/Aug/2018 17:12:26] "GET /admin/costsummary/ebom/ HTTP/1.1" 200 232002
[13/Aug/2018 17:12:26] "GET /jet/jsi18n/ HTTP/1.1" 200 7607
[13/Aug/2018 17:12:26] "GET /admin/jsi18n/ HTTP/1.1" 200 7682
[13/Aug/2018 17:12:29] "GET /admin/costsummary/ HTTP/1.1" 200 41982
[13/Aug/2018 17:12:29] "GET /jet/jsi18n/ HTTP/1.1" 200 7607
[13/Aug/2018 17:12:31] "GET /admin/costsummary/configurecalculation/ HTTP/1.1" 200 44404
[13/Aug/2018 17:12:31] "GET /jet/jsi18n/ HTTP/1.1" 200 7607
[13/Aug/2018 17:12:31] "GET /admin/jsi18n/ HTTP/1.1" 200 7682
[13/Aug/2018 17:12:37] "GET /admin/costsummary/ HTTP/1.1" 200 41982
[13/Aug/2018 17:12:37] "GET /jet/jsi18n/ HTTP/1.1" 200 7607
[13/Aug/2018 17:16:14] "GET /admin/ HTTP/1.1" 200 46505
[13/Aug/2018 17:16:14] "GET /jet/jsi18n/ HTTP/1.1" 200 7607
Not Found: /favicon.ico
[13/Aug/2018 17:16:14] "GET /favicon.ico HTTP/1.1" 404 2292
[13/Aug/2018 17:16:16] "GET /admin/jsi18n/ HTTP/1.1" 200 7682
[13/Aug/2018 17:16:16] "GET /jet/jsi18n/ HTTP/1.1" 200 7607
[13/Aug/2018 17:16:17] "GET /admin/costsummary/ebom/ HTTP/1.1" 200 232002
[13/Aug/2018 17:16:25] "GET /jet/jsi18n/ HTTP/1.1" 200 7607
[13/Aug/2018 17:16:25] "GET /static/admin/js/cancel.js HTTP/1.1" 304 0
[13/Aug/2018 17:16:25] "POST /admin/costsummary/ebom/ HTTP/1.1" 200 121061
[13/Aug/2018 17:16:31] "POST /admin/costsummary/ebom/ HTTP/1.1" 302 0
[13/Aug/2018 17:16:31] "GET /admin/costsummary/ebom/ HTTP/1.1" 200 32708
[13/Aug/2018 17:16:31] "GET /jet/jsi18n/ HTTP/1.1" 200 7607
[13/Aug/2018 17:16:31] "GET /admin/jsi18n/ HTTP/1.1" 200 7682
[13/Aug/2018 17:16:33] "GET /admin/costsummary/uploadhandler/add/?model_name=999 HTTP/1.1" 200 39544
[13/Aug/2018 17:16:34] "GET /jet/jsi18n/ HTTP/1.1" 200 7607
[13/Aug/2018 17:16:34] "GET /admin/jsi18n/ HTTP/1.1" 200 7682
/home/mas/env/lib/python3.6/site-packages/django/db/models/fields/__init__.py:1393: RuntimeWarning: DateTimeField UploadHandler.upload_time received a naive datetime (2018-08-14 00:00:00) while time zone support is active.
  RuntimeWarning)
/home/mas/env/lib/python3.6/site-packages/pandas/core/reshape/merge.py:1528: RuntimeWarning: divide by zero encountered in long_scalars
  stride //= shape[i]
[13/Aug/2018 17:17:07] "POST /admin/costsummary/uploadhandler/add/?model_name=999 HTTP/1.1" 302 0
[13/Aug/2018 17:17:07] "GET /admin/jsi18n/ HTTP/1.1" 200 7682
[13/Aug/2018 17:17:07] "GET /jet/jsi18n/ HTTP/1.1" 200 7607
[13/Aug/2018 17:17:08] "GET /admin/costsummary/ebom/ HTTP/1.1" 200 231443
[13/Aug/2018 17:17:14] "GET /jet/jsi18n/ HTTP/1.1" 200 7607
[13/Aug/2018 17:17:14] "GET /admin/jsi18n/ HTTP/1.1" 200 7682
[13/Aug/2018 17:17:14] "GET /admin/costsummary/ebom/?all= HTTP/1.1" 200 795384
[13/Aug/2018 17:17:21] "GET /jet/jsi18n/ HTTP/1.1" 200 7607
[13/Aug/2018 17:17:21] "GET /admin/jsi18n/ HTTP/1.1" 200 7682
[13/Aug/2018 17:17:21] "GET /admin/costsummary/ebom/?all=&label__id__exact=801 HTTP/1.1" 200 798198
[13/Aug/2018 17:17:26] "GET /costsummary/dl/wide/801 HTTP/1.1" 200 120832
[13/Aug/2018 17:18:36] "GET /admin/costsummary/ebom/?q=84441765&all=&label__id__exact=801 HTTP/1.1" 200 68055
[13/Aug/2018 17:18:36] "GET /jet/jsi18n/ HTTP/1.1" 200 7607
[13/Aug/2018 17:18:36] "GET /admin/jsi18n/ HTTP/1.1" 200 7682
[13/Aug/2018 17:18:50] "GET /jet/jsi18n/ HTTP/1.1" 200 7607
[13/Aug/2018 17:18:50] "GET /admin/jsi18n/ HTTP/1.1" 200 7682
[13/Aug/2018 17:18:50] "GET /admin/costsummary/ebom/6235/change/?_changelist_filters=q%3D84441765%26all%3D%26label__id__exact%3D801 HTTP/1.1" 200 988409
[13/Aug/2018 17:19:11] "GET /admin/jsi18n/ HTTP/1.1" 200 7682
[13/Aug/2018 17:19:11] "GET /jet/jsi18n/ HTTP/1.1" 200 7607
[13/Aug/2018 17:19:11] "GET /admin/costsummary/ebom/ HTTP/1.1" 200 231443
[13/Aug/2018 17:19:35] "GET /costsummary/ebom/update HTTP/1.1" 302 0
[13/Aug/2018 17:19:35] "GET /jet/jsi18n/ HTTP/1.1" 200 7607
[13/Aug/2018 17:19:35] "GET /admin/jsi18n/ HTTP/1.1" 200 7682
[13/Aug/2018 17:19:36] "GET /admin/costsummary/ebom/ HTTP/1.1" 200 231443
[13/Aug/2018 17:19:39] "GET /admin/costsummary/ebom/?q=84441765 HTTP/1.1" 200 67034
[13/Aug/2018 17:19:39] "GET /jet/jsi18n/ HTTP/1.1" 200 7607
[13/Aug/2018 17:19:39] "GET /admin/jsi18n/ HTTP/1.1" 200 7682
[13/Aug/2018 17:19:54] "GET /jet/jsi18n/ HTTP/1.1" 200 7607
[13/Aug/2018 17:19:54] "GET /admin/jsi18n/ HTTP/1.1" 200 7682
[13/Aug/2018 17:19:54] "GET /admin/costsummary/ebom/6235/change/?_changelist_filters=q%3D84441765 HTTP/1.1" 200 988239
[13/Aug/2018 17:20:34] "GET /admin/costsummary/inboundsupplierrate/ HTTP/1.1" 200 101135
[13/Aug/2018 17:20:34] "GET /jet/jsi18n/ HTTP/1.1" 200 7607
[13/Aug/2018 17:20:34] "GET /admin/jsi18n/ HTTP/1.1" 200 7682
[13/Aug/2018 17:21:11] "GET /admin/costsummary/nominallabelmapping/ HTTP/1.1" 200 75768
[13/Aug/2018 17:21:11] "GET /jet/jsi18n/ HTTP/1.1" 200 7607
[13/Aug/2018 17:21:11] "GET /admin/jsi18n/ HTTP/1.1" 200 7682
[13/Aug/2018 17:21:17] "GET /admin/costsummary/nominallabelmapping/?plant_code=WH10 HTTP/1.1" 200 46570
[13/Aug/2018 17:21:17] "GET /jet/jsi18n/ HTTP/1.1" 200 7607
[13/Aug/2018 17:21:17] "GET /admin/jsi18n/ HTTP/1.1" 200 7682
[13/Aug/2018 17:21:21] "GET /admin/costsummary/nominallabelmapping/?plant_code=WH11 HTTP/1.1" 200 48890
[13/Aug/2018 17:21:21] "GET /jet/jsi18n/ HTTP/1.1" 200 7607
[13/Aug/2018 17:21:21] "GET /admin/jsi18n/ HTTP/1.1" 200 7682
[13/Aug/2018 17:21:30] "GET /admin/costsummary/ HTTP/1.1" 200 41982
[13/Aug/2018 17:21:30] "GET /jet/jsi18n/ HTTP/1.1" 200 7607
[13/Aug/2018 17:21:32] "GET /jet/jsi18n/ HTTP/1.1" 200 7607
[13/Aug/2018 17:21:32] "GET /admin/jsi18n/ HTTP/1.1" 200 7682
[13/Aug/2018 17:21:32] "GET /admin/costsummary/ebom/ HTTP/1.1" 200 231443
[13/Aug/2018 17:21:34] "GET /admin/costsummary/uploadhandler/add/?model_name=999 HTTP/1.1" 200 39544
[13/Aug/2018 17:21:34] "GET /jet/jsi18n/ HTTP/1.1" 200 7607
[13/Aug/2018 17:21:34] "GET /admin/jsi18n/ HTTP/1.1" 200 7682
[13/Aug/2018 17:22:35] "POST /admin/costsummary/uploadhandler/add/?model_name=999 HTTP/1.1" 302 0
[13/Aug/2018 17:22:36] "GET /jet/jsi18n/ HTTP/1.1" 200 7607
[13/Aug/2018 17:22:36] "GET /admin/jsi18n/ HTTP/1.1" 200 7682
[13/Aug/2018 17:22:36] "GET /admin/costsummary/ebom/ HTTP/1.1" 200 231675
[13/Aug/2018 17:22:40] "GET /admin/costsummary/ebom/?q=84441765 HTTP/1.1" 200 76033
[13/Aug/2018 17:22:40] "GET /jet/jsi18n/ HTTP/1.1" 200 7607
[13/Aug/2018 17:22:40] "GET /admin/jsi18n/ HTTP/1.1" 200 7682
[13/Aug/2018 17:22:55] "GET /jet/jsi18n/ HTTP/1.1" 200 7607
[13/Aug/2018 17:22:55] "GET /admin/jsi18n/ HTTP/1.1" 200 7682
[13/Aug/2018 17:22:56] "GET /admin/costsummary/ebom/6319/change/?_changelist_filters=q%3D84441765 HTTP/1.1" 200 988274
[13/Aug/2018 17:23:02] "GET /jet/jsi18n/ HTTP/1.1" 200 7607
[13/Aug/2018 17:23:02] "GET /admin/jsi18n/ HTTP/1.1" 200 7682
[13/Aug/2018 17:23:02] "GET /admin/costsummary/ebom/ HTTP/1.1" 200 231675
[14/Aug/2018 14:13:06] "GET /admin/ HTTP/1.0" 200 45784
[14/Aug/2018 14:13:07] "GET /static/jet/css/vendor.css?v=1.0.6 HTTP/1.0" 304 0
[14/Aug/2018 14:13:07] "GET /static/admin/css/base.css HTTP/1.0" 200 0
[14/Aug/2018 14:13:07] "GET /static/jet/css/icons/style.css?v=1.0.6 HTTP/1.0" 304 0
[14/Aug/2018 14:13:07] "GET /static/jet/css/themes/default/select2.theme.css?v=1.0.6 HTTP/1.0" 304 0
[14/Aug/2018 14:13:07] "GET /static/jet/css/themes/default/base.css?v=1.0.6 HTTP/1.0" 304 0
[14/Aug/2018 14:13:07] "GET /static/admin/css/dashboard.css HTTP/1.0" 200 0
[14/Aug/2018 14:13:07] "GET /static/jet/css/themes/default/jquery-ui.theme.css?v=1.0.6 HTTP/1.0" 304 0
[14/Aug/2018 14:13:07] "GET /jet/jsi18n/ HTTP/1.0" 200 7607
[14/Aug/2018 14:13:07] "GET /static/jet/js/build/bundle.min.js?v=1.0.6 HTTP/1.0" 304 0
[14/Aug/2018 14:13:07] "GET /static/jet/css/icons/fonts/jet-icons.eot?415d6s HTTP/1.0" 304 0
[14/Aug/2018 15:33:20] "GET /admin/ HTTP/1.1" 302 0
[14/Aug/2018 15:33:20] "GET /admin/login/?next=/admin/ HTTP/1.1" 200 4396
[14/Aug/2018 15:33:20] "GET /static/admin/css/base.css HTTP/1.1" 200 0
[14/Aug/2018 15:33:20] "GET /static/jet/css/icons/style.css?v=1.0.6 HTTP/1.1" 200 2248
[14/Aug/2018 15:33:20] "GET /static/jet/css/themes/default/select2.theme.css?v=1.0.6 HTTP/1.1" 200 23574
[14/Aug/2018 15:33:20] "GET /static/jet/css/vendor.css?v=1.0.6 HTTP/1.1" 200 53904
[14/Aug/2018 15:33:20] "GET /static/jet/css/themes/default/jquery-ui.theme.css?v=1.0.6 HTTP/1.1" 200 6760
[14/Aug/2018 15:33:20] "GET /static/admin/css/login.css HTTP/1.1" 200 0
[14/Aug/2018 15:33:20] "GET /static/jet/css/themes/default/base.css?v=1.0.6 HTTP/1.1" 200 178895
[14/Aug/2018 15:33:20] "GET /jet/jsi18n/ HTTP/1.1" 200 7607
[14/Aug/2018 15:33:20] "GET /static/jet/js/build/bundle.min.js?v=1.0.6 HTTP/1.1" 200 417084
[15/Aug/2018 09:31:06] "GET /admin/ HTTP/1.1" 302 0
[15/Aug/2018 09:31:10] "GET /admin/login/?next=/admin/ HTTP/1.1" 200 4396
Not Found: /favicon.ico
[15/Aug/2018 09:31:16] "GET /favicon.ico HTTP/1.1" 404 2292
[15/Aug/2018 15:56:01] "GET /admin/ HTTP/1.0" 200 45784
[15/Aug/2018 15:56:01] "GET /static/admin/css/base.css HTTP/1.0" 200 0
[15/Aug/2018 15:56:01] "GET /static/jet/css/icons/style.css?v=1.0.6 HTTP/1.0" 304 0
[15/Aug/2018 15:56:01] "GET /static/jet/css/vendor.css?v=1.0.6 HTTP/1.0" 304 0
[15/Aug/2018 15:56:01] "GET /static/jet/js/build/bundle.min.js?v=1.0.6 HTTP/1.0" 304 0
[15/Aug/2018 15:56:01] "GET /static/admin/css/dashboard.css HTTP/1.0" 200 0
[15/Aug/2018 15:56:01] "GET /static/jet/css/themes/default/select2.theme.css?v=1.0.6 HTTP/1.0" 304 0
[15/Aug/2018 15:56:01] "GET /jet/jsi18n/ HTTP/1.0" 200 7607
[15/Aug/2018 15:56:01] "GET /static/jet/css/themes/default/base.css?v=1.0.6 HTTP/1.0" 304 0
[15/Aug/2018 15:56:01] "GET /static/jet/css/themes/default/jquery-ui.theme.css?v=1.0.6 HTTP/1.0" 304 0
[15/Aug/2018 15:56:01] "GET /static/jet/css/icons/fonts/jet-icons.eot?415d6s HTTP/1.0" 304 0
Not Found: /favicon.ico
[15/Aug/2018 15:56:02] "GET /favicon.ico HTTP/1.0" 404 2292
[16/Aug/2018 10:35:51] "GET /admin/costsummary/ HTTP/1.1" 200 41982
Not Found: /favicon.ico
[16/Aug/2018 10:35:51] "GET /favicon.ico HTTP/1.1" 404 2292
[17/Aug/2018 10:47:22] "GET /admin/ HTTP/1.0" 200 45784
[17/Aug/2018 10:47:22] "GET /static/jet/css/vendor.css?v=1.0.6 HTTP/1.0" 304 0
[17/Aug/2018 10:47:22] "GET /static/jet/css/themes/default/base.css?v=1.0.6 HTTP/1.0" 304 0
[17/Aug/2018 10:47:22] "GET /static/jet/css/icons/style.css?v=1.0.6 HTTP/1.0" 304 0
[17/Aug/2018 10:47:22] "GET /static/jet/css/themes/default/select2.theme.css?v=1.0.6 HTTP/1.0" 304 0
[17/Aug/2018 10:47:22] "GET /static/admin/css/dashboard.css HTTP/1.0" 200 0
[17/Aug/2018 10:47:22] "GET /jet/jsi18n/ HTTP/1.0" 200 7607
[17/Aug/2018 10:47:22] "GET /static/jet/js/build/bundle.min.js?v=1.0.6 HTTP/1.0" 304 0
[17/Aug/2018 10:47:23] "GET /static/admin/css/base.css HTTP/1.0" 200 0
[17/Aug/2018 10:47:23] "GET /static/jet/css/themes/default/jquery-ui.theme.css?v=1.0.6 HTTP/1.0" 304 0
[17/Aug/2018 10:47:24] "GET /static/jet/css/icons/fonts/jet-icons.eot?415d6s HTTP/1.0" 304 0
Not Found: /favicon.ico
[17/Aug/2018 10:47:24] "GET /favicon.ico HTTP/1.0" 404 2292
[17/Aug/2018 11:09:48] "GET /admin/ HTTP/1.0" 200 45784
[17/Aug/2018 11:09:48] "GET /static/admin/css/base.css HTTP/1.0" 200 0
[17/Aug/2018 11:09:48] "GET /static/jet/css/icons/style.css?v=1.0.6 HTTP/1.0" 304 0
[17/Aug/2018 11:09:48] "GET /static/jet/css/vendor.css?v=1.0.6 HTTP/1.0" 304 0
[17/Aug/2018 11:09:48] "GET /static/jet/css/themes/default/select2.theme.css?v=1.0.6 HTTP/1.0" 304 0
[17/Aug/2018 11:09:48] "GET /static/jet/css/themes/default/jquery-ui.theme.css?v=1.0.6 HTTP/1.0" 304 0
[17/Aug/2018 11:09:48] "GET /static/admin/css/dashboard.css HTTP/1.0" 200 0
[17/Aug/2018 11:09:48] "GET /static/jet/css/themes/default/base.css?v=1.0.6 HTTP/1.0" 304 0
[17/Aug/2018 11:09:48] "GET /static/jet/js/build/bundle.min.js?v=1.0.6 HTTP/1.0" 304 0
[17/Aug/2018 11:09:48] "GET /jet/jsi18n/ HTTP/1.0" 200 7607
[17/Aug/2018 11:09:48] "GET /static/jet/css/icons/fonts/jet-icons.eot?415d6s HTTP/1.0" 304 0
Not Found: /favicon.ico
[17/Aug/2018 11:09:48] "GET /favicon.ico HTTP/1.0" 404 2292
[17/Aug/2018 11:09:51] "GET /admin/costsummary/ebom/ HTTP/1.0" 200 231675
[17/Aug/2018 11:09:51] "GET /jet/jsi18n/ HTTP/1.0" 200 7607
[17/Aug/2018 11:09:51] "GET /static/jet/js/build/bundle.min.js?v=1.0.6 HTTP/1.0" 304 0
[17/Aug/2018 11:09:51] "GET /admin/jsi18n/ HTTP/1.0" 200 7682
[17/Aug/2018 11:09:51] "GET /static/admin/js/core.js HTTP/1.0" 200 7976
[17/Aug/2018 11:09:51] "GET /static/jet/css/themes/default/jquery-ui.theme.css?v=1.0.6 HTTP/1.0" 304 0
[17/Aug/2018 11:09:51] "GET /static/admin/css/changelists.css HTTP/1.0" 200 0
[17/Aug/2018 11:09:51] "GET /static/jet/css/themes/default/select2.theme.css?v=1.0.6 HTTP/1.0" 304 0
[17/Aug/2018 11:09:51] "GET /static/jet/css/icons/style.css?v=1.0.6 HTTP/1.0" 304 0
[17/Aug/2018 11:09:51] "GET /static/jet/css/themes/default/base.css?v=1.0.6 HTTP/1.0" 304 0
[17/Aug/2018 11:09:51] "GET /static/jet/css/vendor.css?v=1.0.6 HTTP/1.0" 304 0
[17/Aug/2018 11:09:51] "GET /static/admin/js/jquery.init.js HTTP/1.0" 200 363
[17/Aug/2018 11:09:51] "GET /static/admin/css/base.css HTTP/1.0" 200 0
[17/Aug/2018 11:09:51] "GET /static/admin/js/vendor/jquery/jquery.js HTTP/1.0" 200 258648
[17/Aug/2018 11:09:51] "GET /static/admin/js/admin/RelatedObjectLookups.js HTTP/1.0" 200 0
[17/Aug/2018 11:09:51] "GET /static/admin/js/urlify.js HTTP/1.0" 200 8186
[17/Aug/2018 11:09:51] "GET /static/admin/js/actions.js HTTP/1.0" 200 6501
[17/Aug/2018 11:09:51] "GET /static/admin/js/prepopulate.js HTTP/1.0" 200 1538
[17/Aug/2018 11:09:51] "GET /static/admin/img/search.svg HTTP/1.0" 200 458
[17/Aug/2018 11:09:51] "GET /static/admin/js/vendor/xregexp/xregexp.js HTTP/1.0" 200 128820
[17/Aug/2018 11:09:52] "GET /static/jet/css/icons/fonts/jet-icons.eot?415d6s HTTP/1.0" 304 0
[17/Aug/2018 11:14:09] "GET /admin/ HTTP/1.0" 200 45784
[17/Aug/2018 11:14:09] "GET /static/admin/css/base.css HTTP/1.0" 200 0
[17/Aug/2018 11:14:09] "GET /static/jet/css/vendor.css?v=1.0.6 HTTP/1.0" 304 0
[17/Aug/2018 11:14:09] "GET /static/jet/css/icons/style.css?v=1.0.6 HTTP/1.0" 304 0
[17/Aug/2018 11:14:09] "GET /static/jet/css/themes/default/jquery-ui.theme.css?v=1.0.6 HTTP/1.0" 304 0
[17/Aug/2018 11:14:09] "GET /static/jet/css/themes/default/base.css?v=1.0.6 HTTP/1.0" 304 0
[17/Aug/2018 11:14:09] "GET /jet/jsi18n/ HTTP/1.0" 200 7607
[17/Aug/2018 11:14:09] "GET /static/jet/js/build/bundle.min.js?v=1.0.6 HTTP/1.0" 304 0
[17/Aug/2018 11:14:09] "GET /static/admin/css/dashboard.css HTTP/1.0" 200 0
[17/Aug/2018 11:14:09] "GET /static/jet/css/themes/default/select2.theme.css?v=1.0.6 HTTP/1.0" 304 0
[17/Aug/2018 11:14:10] "GET /static/jet/css/icons/fonts/jet-icons.eot?415d6s HTTP/1.0" 304 0
Not Found: /favicon.ico
[17/Aug/2018 11:14:10] "GET /favicon.ico HTTP/1.0" 404 2292
[17/Aug/2018 11:14:20] "GET /admin/costsummary/ebom/ HTTP/1.0" 200 231675
[17/Aug/2018 11:14:20] "GET /static/admin/css/base.css HTTP/1.0" 200 0
[17/Aug/2018 11:14:20] "GET /static/jet/css/vendor.css?v=1.0.6 HTTP/1.0" 304 0
[17/Aug/2018 11:14:20] "GET /static/jet/css/icons/style.css?v=1.0.6 HTTP/1.0" 304 0
[17/Aug/2018 11:14:20] "GET /jet/jsi18n/ HTTP/1.0" 200 7607
[17/Aug/2018 11:14:20] "GET /static/jet/css/themes/default/base.css?v=1.0.6 HTTP/1.0" 304 0
[17/Aug/2018 11:14:20] "GET /static/jet/js/build/bundle.min.js?v=1.0.6 HTTP/1.0" 304 0
[17/Aug/2018 11:14:20] "GET /static/jet/css/themes/default/select2.theme.css?v=1.0.6 HTTP/1.0" 304 0
[17/Aug/2018 11:14:20] "GET /static/jet/css/themes/default/jquery-ui.theme.css?v=1.0.6 HTTP/1.0" 304 0
[17/Aug/2018 11:14:20] "GET /static/admin/js/admin/RelatedObjectLookups.js HTTP/1.0" 200 0
[17/Aug/2018 11:14:20] "GET /static/admin/css/changelists.css HTTP/1.0" 200 0
[17/Aug/2018 11:14:20] "GET /admin/jsi18n/ HTTP/1.0" 200 7682
[17/Aug/2018 11:14:21] "GET /static/jet/css/icons/fonts/jet-icons.eot?415d6s HTTP/1.0" 304 0
Not Found: /favicon.ico
[17/Aug/2018 11:14:22] "GET /favicon.ico HTTP/1.0" 404 2292
[17/Aug/2018 11:14:27] "GET /admin/costsummary/uploadhandler/add/?model_name=999 HTTP/1.0" 200 39544
[17/Aug/2018 11:14:28] "GET /static/jet/css/icons/style.css?v=1.0.6 HTTP/1.0" 304 0
[17/Aug/2018 11:14:28] "GET /static/jet/css/themes/default/base.css?v=1.0.6 HTTP/1.0" 304 0
[17/Aug/2018 11:14:28] "GET /static/admin/css/base.css HTTP/1.0" 200 0
[17/Aug/2018 11:14:28] "GET /static/jet/css/vendor.css?v=1.0.6 HTTP/1.0" 304 0
[17/Aug/2018 11:14:28] "GET /static/jet/css/themes/default/select2.theme.css?v=1.0.6 HTTP/1.0" 304 0
[17/Aug/2018 11:14:28] "GET /static/jet/css/themes/default/jquery-ui.theme.css?v=1.0.6 HTTP/1.0" 304 0
[17/Aug/2018 11:14:28] "GET /static/admin/css/forms.css HTTP/1.0" 200 0
[17/Aug/2018 11:14:28] "GET /static/jet/js/build/bundle.min.js?v=1.0.6 HTTP/1.0" 304 0
[17/Aug/2018 11:14:28] "GET /jet/jsi18n/ HTTP/1.0" 200 7607
[17/Aug/2018 11:14:28] "GET /admin/jsi18n/ HTTP/1.0" 200 7682
[17/Aug/2018 11:14:28] "GET /static/admin/js/admin/RelatedObjectLookups.js HTTP/1.0" 200 0
[17/Aug/2018 11:14:28] "GET /static/admin/js/change_form.js HTTP/1.0" 200 712
[17/Aug/2018 11:14:28] "GET /static/admin/js/prepopulate_init.js HTTP/1.0" 200 495
[17/Aug/2018 11:14:28] "GET /static/admin/img/icon-addlink.svg HTTP/1.0" 200 331
[17/Aug/2018 11:14:28] "GET /static/admin/img/icon-changelink.svg HTTP/1.0" 200 380
[17/Aug/2018 11:14:28] "GET /static/jet/css/icons/fonts/jet-icons.eot?415d6s HTTP/1.0" 304 0
/home/mas/env/lib/python3.6/site-packages/django/db/models/fields/__init__.py:1393: RuntimeWarning: DateTimeField UploadHandler.upload_time received a naive datetime (2018-08-18 00:00:00) while time zone support is active.
  RuntimeWarning)
/home/mas/env/lib/python3.6/site-packages/pandas/core/reshape/merge.py:1528: RuntimeWarning: divide by zero encountered in long_scalars
  stride //= shape[i]
[17/Aug/2018 11:15:01] "POST /admin/costsummary/uploadhandler/add/?model_name=999 HTTP/1.0" 302 0
[17/Aug/2018 11:15:02] "GET /admin/costsummary/ebom/ HTTP/1.0" 200 231675
[17/Aug/2018 11:15:02] "GET /static/admin/css/base.css HTTP/1.0" 200 0
[17/Aug/2018 11:15:02] "GET /static/jet/css/icons/style.css?v=1.0.6 HTTP/1.0" 304 0
[17/Aug/2018 11:15:02] "GET /static/jet/css/themes/default/base.css?v=1.0.6 HTTP/1.0" 304 0
[17/Aug/2018 11:15:02] "GET /static/jet/css/vendor.css?v=1.0.6 HTTP/1.0" 304 0
[17/Aug/2018 11:15:02] "GET /static/jet/css/themes/default/select2.theme.css?v=1.0.6 HTTP/1.0" 304 0
[17/Aug/2018 11:15:02] "GET /static/admin/css/changelists.css HTTP/1.0" 200 0
[17/Aug/2018 11:15:02] "GET /static/jet/css/themes/default/jquery-ui.theme.css?v=1.0.6 HTTP/1.0" 304 0
[17/Aug/2018 11:15:02] "GET /jet/jsi18n/ HTTP/1.0" 200 7607
[17/Aug/2018 11:15:02] "GET /static/jet/js/build/bundle.min.js?v=1.0.6 HTTP/1.0" 304 0
[17/Aug/2018 11:15:02] "GET /admin/jsi18n/ HTTP/1.0" 200 7682
[17/Aug/2018 11:15:03] "GET /static/admin/js/admin/RelatedObjectLookups.js HTTP/1.0" 200 0
[17/Aug/2018 11:15:03] "GET /static/jet/css/icons/fonts/jet-icons.eot?415d6s HTTP/1.0" 304 0
[17/Aug/2018 11:17:15] "GET /admin/costsummary/ebom/?label__id__exact=801 HTTP/1.0" 200 233321
[17/Aug/2018 11:17:15] "GET /static/admin/css/base.css HTTP/1.0" 200 0
[17/Aug/2018 11:17:15] "GET /static/jet/css/vendor.css?v=1.0.6 HTTP/1.0" 304 0
[17/Aug/2018 11:17:15] "GET /static/jet/css/icons/style.css?v=1.0.6 HTTP/1.0" 304 0
[17/Aug/2018 11:17:15] "GET /static/jet/css/themes/default/base.css?v=1.0.6 HTTP/1.0" 304 0
[17/Aug/2018 11:17:15] "GET /static/jet/css/themes/default/jquery-ui.theme.css?v=1.0.6 HTTP/1.0" 304 0
[17/Aug/2018 11:17:15] "GET /static/jet/css/themes/default/select2.theme.css?v=1.0.6 HTTP/1.0" 304 0
[17/Aug/2018 11:17:15] "GET /static/admin/css/changelists.css HTTP/1.0" 200 0
[17/Aug/2018 11:17:15] "GET /static/jet/js/build/bundle.min.js?v=1.0.6 HTTP/1.0" 304 0
[17/Aug/2018 11:17:15] "GET /jet/jsi18n/ HTTP/1.0" 200 7607
[17/Aug/2018 11:17:15] "GET /admin/jsi18n/ HTTP/1.0" 200 7682
[17/Aug/2018 11:17:15] "GET /static/admin/js/admin/RelatedObjectLookups.js HTTP/1.0" 200 0
[17/Aug/2018 11:17:16] "GET /static/jet/css/icons/fonts/jet-icons.eot?415d6s HTTP/1.0" 304 0
[17/Aug/2018 11:17:27] "GET /costsummary/dl/wide/801 HTTP/1.0" 200 120832
[17/Aug/2018 11:17:52] "POST /admin/costsummary/ebom/?label__id__exact=801 HTTP/1.0" 200 89286
[17/Aug/2018 11:17:52] "GET /static/jet/css/themes/default/base.css?v=1.0.6 HTTP/1.0" 304 0
[17/Aug/2018 11:17:52] "GET /static/admin/css/base.css HTTP/1.0" 200 0
[17/Aug/2018 11:17:52] "GET /jet/jsi18n/ HTTP/1.0" 200 7607
[17/Aug/2018 11:17:52] "GET /static/jet/css/vendor.css?v=1.0.6 HTTP/1.0" 304 0
[17/Aug/2018 11:17:52] "GET /static/jet/css/icons/style.css?v=1.0.6 HTTP/1.0" 304 0
[17/Aug/2018 11:17:52] "GET /static/jet/css/themes/default/jquery-ui.theme.css?v=1.0.6 HTTP/1.0" 304 0
[17/Aug/2018 11:17:52] "GET /static/jet/css/themes/default/select2.theme.css?v=1.0.6 HTTP/1.0" 304 0
[17/Aug/2018 11:17:52] "GET /static/admin/js/admin/RelatedObjectLookups.js HTTP/1.0" 200 0
[17/Aug/2018 11:17:52] "GET /static/jet/js/build/bundle.min.js?v=1.0.6 HTTP/1.0" 304 0
[17/Aug/2018 11:17:52] "GET /static/admin/js/cancel.js HTTP/1.0" 200 204
[17/Aug/2018 11:17:52] "GET /static/jet/css/icons/fonts/jet-icons.eot?415d6s HTTP/1.0" 304 0
[17/Aug/2018 11:17:57] "POST /admin/costsummary/ebom/?label__id__exact=801 HTTP/1.0" 302 0
[17/Aug/2018 11:17:57] "GET /admin/costsummary/ebom/?label__id__exact=801 HTTP/1.0" 200 33814
[17/Aug/2018 11:17:57] "GET /static/admin/css/base.css HTTP/1.0" 200 0
[17/Aug/2018 11:17:57] "GET /static/admin/css/changelists.css HTTP/1.0" 200 0
[17/Aug/2018 11:17:57] "GET /static/jet/js/build/bundle.min.js?v=1.0.6 HTTP/1.0" 304 0
[17/Aug/2018 11:17:57] "GET /static/jet/css/themes/default/select2.theme.css?v=1.0.6 HTTP/1.0" 304 0
[17/Aug/2018 11:17:57] "GET /jet/jsi18n/ HTTP/1.0" 200 7607
[17/Aug/2018 11:17:57] "GET /static/jet/css/vendor.css?v=1.0.6 HTTP/1.0" 304 0
[17/Aug/2018 11:17:57] "GET /static/jet/css/icons/style.css?v=1.0.6 HTTP/1.0" 304 0
[17/Aug/2018 11:17:57] "GET /admin/jsi18n/ HTTP/1.0" 200 7682
[17/Aug/2018 11:17:57] "GET /static/jet/css/themes/default/jquery-ui.theme.css?v=1.0.6 HTTP/1.0" 304 0
[17/Aug/2018 11:17:57] "GET /static/jet/css/themes/default/base.css?v=1.0.6 HTTP/1.0" 304 0
[17/Aug/2018 11:17:57] "GET /static/admin/js/admin/RelatedObjectLookups.js HTTP/1.0" 200 0
[17/Aug/2018 11:17:58] "GET /static/jet/css/icons/fonts/jet-icons.eot?415d6s HTTP/1.0" 304 0
[17/Aug/2018 11:17:59] "GET /admin/costsummary/ HTTP/1.0" 200 41982
[17/Aug/2018 11:17:59] "GET /static/jet/css/icons/style.css?v=1.0.6 HTTP/1.0" 304 0
[17/Aug/2018 11:18:00] "GET /static/jet/css/vendor.css?v=1.0.6 HTTP/1.0" 304 0
[17/Aug/2018 11:18:00] "GET /static/jet/js/build/bundle.min.js?v=1.0.6 HTTP/1.0" 304 0
[17/Aug/2018 11:18:00] "GET /static/admin/css/dashboard.css HTTP/1.0" 200 0
[17/Aug/2018 11:18:00] "GET /static/jet/css/themes/default/select2.theme.css?v=1.0.6 HTTP/1.0" 304 0
[17/Aug/2018 11:18:00] "GET /jet/jsi18n/ HTTP/1.0" 200 7607
[17/Aug/2018 11:18:00] "GET /static/jet/css/themes/default/jquery-ui.theme.css?v=1.0.6 HTTP/1.0" 304 0
[17/Aug/2018 11:18:00] "GET /static/jet/css/themes/default/base.css?v=1.0.6 HTTP/1.0" 304 0
[17/Aug/2018 11:18:00] "GET /static/admin/css/base.css HTTP/1.0" 200 0
[17/Aug/2018 11:18:00] "GET /static/jet/css/icons/fonts/jet-icons.eot?415d6s HTTP/1.0" 304 0
[17/Aug/2018 11:18:02] "GET /admin/costsummary/inboundsupplierrate/ HTTP/1.0" 200 101135
[17/Aug/2018 11:18:02] "GET /static/jet/css/icons/style.css?v=1.0.6 HTTP/1.0" 304 0
[17/Aug/2018 11:18:02] "GET /static/jet/js/build/bundle.min.js?v=1.0.6 HTTP/1.0" 304 0
[17/Aug/2018 11:18:02] "GET /static/jet/css/themes/default/base.css?v=1.0.6 HTTP/1.0" 304 0
[17/Aug/2018 11:18:02] "GET /static/jet/css/themes/default/jquery-ui.theme.css?v=1.0.6 HTTP/1.0" 304 0
[17/Aug/2018 11:18:02] "GET /static/admin/js/admin/RelatedObjectLookups.js HTTP/1.0" 200 0
[17/Aug/2018 11:18:02] "GET /admin/jsi18n/ HTTP/1.0" 200 7682
[17/Aug/2018 11:18:02] "GET /static/admin/css/base.css HTTP/1.0" 200 0
[17/Aug/2018 11:18:02] "GET /jet/jsi18n/ HTTP/1.0" 200 7607
[17/Aug/2018 11:18:02] "GET /static/admin/css/changelists.css HTTP/1.0" 200 0
[17/Aug/2018 11:18:02] "GET /static/jet/css/vendor.css?v=1.0.6 HTTP/1.0" 304 0
[17/Aug/2018 11:18:02] "GET /static/jet/css/themes/default/select2.theme.css?v=1.0.6 HTTP/1.0" 304 0
[17/Aug/2018 11:18:02] "GET /static/jet/css/icons/fonts/jet-icons.eot?415d6s HTTP/1.0" 304 0
[17/Aug/2018 11:18:08] "GET /admin/costsummary/ HTTP/1.0" 200 41982
[17/Aug/2018 11:18:09] "GET /static/jet/js/build/bundle.min.js?v=1.0.6 HTTP/1.0" 304 0
[17/Aug/2018 11:18:09] "GET /jet/jsi18n/ HTTP/1.0" 200 7607
[17/Aug/2018 11:18:09] "GET /static/jet/css/themes/default/jquery-ui.theme.css?v=1.0.6 HTTP/1.0" 304 0
[17/Aug/2018 11:18:09] "GET /static/jet/css/themes/default/select2.theme.css?v=1.0.6 HTTP/1.0" 304 0
[17/Aug/2018 11:18:09] "GET /static/jet/css/themes/default/base.css?v=1.0.6 HTTP/1.0" 304 0
[17/Aug/2018 11:18:09] "GET /static/jet/css/icons/style.css?v=1.0.6 HTTP/1.0" 304 0
[17/Aug/2018 11:18:09] "GET /static/admin/css/base.css HTTP/1.0" 200 0
[17/Aug/2018 11:18:09] "GET /static/jet/css/vendor.css?v=1.0.6 HTTP/1.0" 304 0
[17/Aug/2018 11:18:10] "GET /static/admin/css/dashboard.css HTTP/1.0" 200 0
[17/Aug/2018 11:18:10] "GET /static/jet/css/icons/fonts/jet-icons.eot?415d6s HTTP/1.0" 304 0
[17/Aug/2018 11:18:14] "GET /admin/costsummary/ebom/ HTTP/1.0" 200 231481
[17/Aug/2018 11:18:14] "GET /jet/jsi18n/ HTTP/1.0" 200 7607
[17/Aug/2018 11:18:14] "GET /static/admin/css/base.css HTTP/1.0" 200 0
[17/Aug/2018 11:18:14] "GET /admin/jsi18n/ HTTP/1.0" 200 7682
[17/Aug/2018 11:18:14] "GET /static/jet/css/themes/default/select2.theme.css?v=1.0.6 HTTP/1.0" 304 0
[17/Aug/2018 11:18:14] "GET /static/jet/css/themes/default/jquery-ui.theme.css?v=1.0.6 HTTP/1.0" 304 0
[17/Aug/2018 11:18:14] "GET /static/admin/css/changelists.css HTTP/1.0" 200 0
[17/Aug/2018 11:18:14] "GET /static/jet/css/vendor.css?v=1.0.6 HTTP/1.0" 304 0
[17/Aug/2018 11:18:14] "GET /static/jet/css/icons/style.css?v=1.0.6 HTTP/1.0" 304 0
[17/Aug/2018 11:18:14] "GET /static/jet/js/build/bundle.min.js?v=1.0.6 HTTP/1.0" 304 0
[17/Aug/2018 11:18:14] "GET /static/jet/css/themes/default/base.css?v=1.0.6 HTTP/1.0" 304 0
[17/Aug/2018 11:18:14] "GET /static/admin/js/admin/RelatedObjectLookups.js HTTP/1.0" 200 0
[17/Aug/2018 11:18:15] "GET /static/jet/css/icons/fonts/jet-icons.eot?415d6s HTTP/1.0" 304 0
[17/Aug/2018 11:18:18] "GET /admin/costsummary/uploadhandler/add/? HTTP/1.0" 200 32926
[17/Aug/2018 11:18:18] "GET /static/jet/css/vendor.css?v=1.0.6 HTTP/1.0" 304 0
[17/Aug/2018 11:18:18] "GET /static/admin/css/base.css HTTP/1.0" 200 0
[17/Aug/2018 11:18:18] "GET /static/jet/css/themes/default/base.css?v=1.0.6 HTTP/1.0" 304 0
[17/Aug/2018 11:18:18] "GET /static/jet/css/icons/style.css?v=1.0.6 HTTP/1.0" 304 0
[17/Aug/2018 11:18:18] "GET /static/jet/css/themes/default/select2.theme.css?v=1.0.6 HTTP/1.0" 304 0
[17/Aug/2018 11:18:18] "GET /jet/jsi18n/ HTTP/1.0" 200 7607
[17/Aug/2018 11:18:18] "GET /static/jet/css/themes/default/jquery-ui.theme.css?v=1.0.6 HTTP/1.0" 304 0
[17/Aug/2018 11:18:18] "GET /static/jet/js/build/bundle.min.js?v=1.0.6 HTTP/1.0" 304 0
[17/Aug/2018 11:18:18] "GET /admin/jsi18n/ HTTP/1.0" 200 7682
[17/Aug/2018 11:18:18] "GET /static/admin/js/admin/RelatedObjectLookups.js HTTP/1.0" 200 0
[17/Aug/2018 11:18:18] "GET /static/admin/css/forms.css HTTP/1.0" 200 0
[17/Aug/2018 11:18:18] "GET /static/jet/css/icons/fonts/jet-icons.eot?415d6s HTTP/1.0" 304 0
[17/Aug/2018 11:18:46] "POST /admin/costsummary/uploadhandler/add/? HTTP/1.0" 302 0
[17/Aug/2018 11:18:47] "GET /admin/costsummary/inboundsupplierrate/ HTTP/1.0" 200 101102
[17/Aug/2018 11:18:47] "GET /static/admin/css/base.css HTTP/1.0" 200 0
[17/Aug/2018 11:18:47] "GET /static/jet/css/vendor.css?v=1.0.6 HTTP/1.0" 304 0
[17/Aug/2018 11:18:47] "GET /static/jet/css/icons/style.css?v=1.0.6 HTTP/1.0" 304 0
[17/Aug/2018 11:18:47] "GET /static/jet/css/themes/default/base.css?v=1.0.6 HTTP/1.0" 304 0
[17/Aug/2018 11:18:47] "GET /static/jet/css/themes/default/select2.theme.css?v=1.0.6 HTTP/1.0" 304 0
[17/Aug/2018 11:18:47] "GET /admin/jsi18n/ HTTP/1.0" 200 7682
[17/Aug/2018 11:18:47] "GET /static/admin/css/changelists.css HTTP/1.0" 200 0
[17/Aug/2018 11:18:47] "GET /static/jet/css/themes/default/jquery-ui.theme.css?v=1.0.6 HTTP/1.0" 304 0
[17/Aug/2018 11:18:47] "GET /jet/jsi18n/ HTTP/1.0" 200 7607
[17/Aug/2018 11:18:47] "GET /static/jet/js/build/bundle.min.js?v=1.0.6 HTTP/1.0" 304 0
[17/Aug/2018 11:18:47] "GET /static/admin/js/admin/RelatedObjectLookups.js HTTP/1.0" 200 0
[17/Aug/2018 11:18:47] "GET /static/jet/css/icons/fonts/jet-icons.eot?415d6s HTTP/1.0" 304 0
[17/Aug/2018 11:18:51] "GET /admin/costsummary/ HTTP/1.0" 200 41982
[17/Aug/2018 11:18:51] "GET /static/jet/css/icons/style.css?v=1.0.6 HTTP/1.0" 304 0
[17/Aug/2018 11:18:51] "GET /static/jet/css/vendor.css?v=1.0.6 HTTP/1.0" 304 0
[17/Aug/2018 11:18:51] "GET /static/jet/css/themes/default/jquery-ui.theme.css?v=1.0.6 HTTP/1.0" 304 0
[17/Aug/2018 11:18:51] "GET /static/admin/css/dashboard.css HTTP/1.0" 200 0
[17/Aug/2018 11:18:51] "GET /jet/jsi18n/ HTTP/1.0" 200 7607
[17/Aug/2018 11:18:51] "GET /static/jet/css/themes/default/select2.theme.css?v=1.0.6 HTTP/1.0" 304 0
[17/Aug/2018 11:18:51] "GET /static/admin/css/base.css HTTP/1.0" 200 0
[17/Aug/2018 11:18:51] "GET /static/jet/js/build/bundle.min.js?v=1.0.6 HTTP/1.0" 304 0
[17/Aug/2018 11:18:51] "GET /static/jet/css/themes/default/base.css?v=1.0.6 HTTP/1.0" 304 0
[17/Aug/2018 11:18:51] "GET /static/jet/css/icons/fonts/jet-icons.eot?415d6s HTTP/1.0" 304 0
[17/Aug/2018 11:19:01] "GET /admin/costsummary/supplier/ HTTP/1.0" 200 130541
[17/Aug/2018 11:19:01] "GET /jet/jsi18n/ HTTP/1.0" 200 7607
[17/Aug/2018 11:19:01] "GET /admin/jsi18n/ HTTP/1.0" 200 7682
[17/Aug/2018 11:19:01] "GET /static/jet/css/vendor.css?v=1.0.6 HTTP/1.0" 304 0
[17/Aug/2018 11:19:01] "GET /static/jet/js/build/bundle.min.js?v=1.0.6 HTTP/1.0" 304 0
[17/Aug/2018 11:19:01] "GET /static/jet/css/themes/default/base.css?v=1.0.6 HTTP/1.0" 304 0
[17/Aug/2018 11:19:01] "GET /static/jet/css/icons/style.css?v=1.0.6 HTTP/1.0" 304 0
[17/Aug/2018 11:19:01] "GET /static/jet/css/themes/default/select2.theme.css?v=1.0.6 HTTP/1.0" 304 0
[17/Aug/2018 11:19:01] "GET /static/admin/css/base.css HTTP/1.0" 200 0
[17/Aug/2018 11:19:01] "GET /static/jet/css/themes/default/jquery-ui.theme.css?v=1.0.6 HTTP/1.0" 304 0
[17/Aug/2018 11:19:01] "GET /static/admin/js/admin/RelatedObjectLookups.js HTTP/1.0" 200 0
[17/Aug/2018 11:19:01] "GET /static/admin/css/changelists.css HTTP/1.0" 200 0
[17/Aug/2018 11:19:01] "GET /static/admin/img/icon-no.svg HTTP/1.0" 200 560
[17/Aug/2018 11:19:01] "GET /static/admin/img/icon-unknown.svg HTTP/1.0" 200 655
[17/Aug/2018 11:19:01] "GET /static/admin/img/icon-yes.svg HTTP/1.0" 200 436
[17/Aug/2018 11:19:02] "GET /static/jet/css/icons/fonts/jet-icons.eot?415d6s HTTP/1.0" 304 0
[17/Aug/2018 11:19:10] "GET /admin/costsummary/supplier/?q=%E5%A4%A9%E5%90%88 HTTP/1.0" 200 55084
[17/Aug/2018 11:19:10] "GET /static/jet/css/vendor.css?v=1.0.6 HTTP/1.0" 304 0
[17/Aug/2018 11:19:10] "GET /static/jet/css/icons/style.css?v=1.0.6 HTTP/1.0" 304 0
[17/Aug/2018 11:19:10] "GET /static/jet/css/themes/default/base.css?v=1.0.6 HTTP/1.0" 304 0
[17/Aug/2018 11:19:10] "GET /admin/jsi18n/ HTTP/1.0" 200 7682
[17/Aug/2018 11:19:10] "GET /static/jet/css/themes/default/jquery-ui.theme.css?v=1.0.6 HTTP/1.0" 304 0
[17/Aug/2018 11:19:10] "GET /static/jet/js/build/bundle.min.js?v=1.0.6 HTTP/1.0" 304 0
[17/Aug/2018 11:19:10] "GET /static/admin/css/base.css HTTP/1.0" 200 0
[17/Aug/2018 11:19:10] "GET /static/jet/css/themes/default/select2.theme.css?v=1.0.6 HTTP/1.0" 304 0
[17/Aug/2018 11:19:10] "GET /jet/jsi18n/ HTTP/1.0" 200 7607
[17/Aug/2018 11:19:10] "GET /static/admin/css/changelists.css HTTP/1.0" 200 0
[17/Aug/2018 11:19:10] "GET /static/admin/js/admin/RelatedObjectLookups.js HTTP/1.0" 200 0
[17/Aug/2018 11:19:10] "GET /static/jet/css/icons/fonts/jet-icons.eot?415d6s HTTP/1.0" 304 0
[17/Aug/2018 11:19:23] "GET /admin/costsummary/supplier/22297/change/?_changelist_filters=q%3D%25E5%25A4%25A9%25E5%2590%2588 HTTP/1.0" 200 50162
[17/Aug/2018 11:19:23] "GET /static/jet/css/themes/default/base.css?v=1.0.6 HTTP/1.0" 304 0
[17/Aug/2018 11:19:23] "GET /static/jet/css/themes/default/select2.theme.css?v=1.0.6 HTTP/1.0" 304 0
[17/Aug/2018 11:19:23] "GET /static/jet/css/themes/default/jquery-ui.theme.css?v=1.0.6 HTTP/1.0" 304 0
[17/Aug/2018 11:19:23] "GET /static/jet/css/icons/style.css?v=1.0.6 HTTP/1.0" 304 0
[17/Aug/2018 11:19:23] "GET /static/jet/css/vendor.css?v=1.0.6 HTTP/1.0" 304 0
[17/Aug/2018 11:19:23] "GET /static/admin/css/forms.css HTTP/1.0" 200 0
[17/Aug/2018 11:19:23] "GET /admin/jsi18n/ HTTP/1.0" 200 7682
[17/Aug/2018 11:19:23] "GET /static/jet/js/build/bundle.min.js?v=1.0.6 HTTP/1.0" 304 0
[17/Aug/2018 11:19:23] "GET /jet/jsi18n/ HTTP/1.0" 200 7607
[17/Aug/2018 11:19:23] "GET /static/admin/js/admin/RelatedObjectLookups.js HTTP/1.0" 200 0
[17/Aug/2018 11:19:23] "GET /static/admin/js/inlines.js HTTP/1.0" 200 13665
[17/Aug/2018 11:19:23] "GET /static/admin/css/base.css HTTP/1.0" 200 0
[17/Aug/2018 11:19:24] "GET /static/jet/css/icons/fonts/jet-icons.eot?415d6s HTTP/1.0" 304 0
[17/Aug/2018 11:20:55] "POST /admin/costsummary/supplier/22297/change/?_changelist_filters=q%3D%25E5%25A4%25A9%25E5%2590%2588 HTTP/1.0" 302 0
[17/Aug/2018 11:20:56] "GET /admin/costsummary/supplier/?q=%E5%A4%A9%E5%90%88 HTTP/1.0" 200 55372
[17/Aug/2018 11:20:56] "GET /static/admin/css/base.css HTTP/1.0" 200 0
[17/Aug/2018 11:20:56] "GET /static/jet/css/vendor.css?v=1.0.6 HTTP/1.0" 304 0
[17/Aug/2018 11:20:56] "GET /static/jet/css/icons/style.css?v=1.0.6 HTTP/1.0" 304 0
[17/Aug/2018 11:20:56] "GET /static/jet/css/themes/default/base.css?v=1.0.6 HTTP/1.0" 304 0
[17/Aug/2018 11:20:56] "GET /static/jet/css/themes/default/jquery-ui.theme.css?v=1.0.6 HTTP/1.0" 304 0
[17/Aug/2018 11:20:56] "GET /jet/jsi18n/ HTTP/1.0" 200 7607
[17/Aug/2018 11:20:56] "GET /static/admin/css/changelists.css HTTP/1.0" 200 0
[17/Aug/2018 11:20:56] "GET /static/jet/js/build/bundle.min.js?v=1.0.6 HTTP/1.0" 304 0
[17/Aug/2018 11:20:56] "GET /admin/jsi18n/ HTTP/1.0" 200 7682
[17/Aug/2018 11:20:56] "GET /static/jet/css/themes/default/select2.theme.css?v=1.0.6 HTTP/1.0" 304 0
[17/Aug/2018 11:20:56] "GET /static/admin/js/admin/RelatedObjectLookups.js HTTP/1.0" 200 0
[17/Aug/2018 11:20:56] "GET /static/jet/css/icons/fonts/jet-icons.eot?415d6s HTTP/1.0" 304 0
[17/Aug/2018 11:21:01] "GET /admin/ HTTP/1.0" 200 45858
[17/Aug/2018 11:21:02] "GET /static/jet/css/themes/default/base.css?v=1.0.6 HTTP/1.0" 304 0
[17/Aug/2018 11:21:02] "GET /static/admin/css/base.css HTTP/1.0" 200 0
[17/Aug/2018 11:21:02] "GET /static/jet/css/themes/default/jquery-ui.theme.css?v=1.0.6 HTTP/1.0" 304 0
[17/Aug/2018 11:21:02] "GET /static/jet/css/themes/default/select2.theme.css?v=1.0.6 HTTP/1.0" 304 0
[17/Aug/2018 11:21:02] "GET /jet/jsi18n/ HTTP/1.0" 200 7607
[17/Aug/2018 11:21:02] "GET /static/jet/css/vendor.css?v=1.0.6 HTTP/1.0" 304 0
[17/Aug/2018 11:21:02] "GET /static/admin/css/dashboard.css HTTP/1.0" 200 0
[17/Aug/2018 11:21:02] "GET /static/jet/css/icons/style.css?v=1.0.6 HTTP/1.0" 304 0
[17/Aug/2018 11:21:02] "GET /static/jet/js/build/bundle.min.js?v=1.0.6 HTTP/1.0" 304 0
[17/Aug/2018 11:21:02] "GET /static/jet/css/icons/fonts/jet-icons.eot?415d6s HTTP/1.0" 304 0
[17/Aug/2018 11:21:04] "GET /admin/costsummary/ebom/ HTTP/1.0" 200 231481
[17/Aug/2018 11:21:04] "GET /static/jet/js/build/bundle.min.js?v=1.0.6 HTTP/1.0" 304 0
[17/Aug/2018 11:21:04] "GET /jet/jsi18n/ HTTP/1.0" 200 7607
[17/Aug/2018 11:21:04] "GET /static/jet/css/themes/default/jquery-ui.theme.css?v=1.0.6 HTTP/1.0" 304 0
[17/Aug/2018 11:21:04] "GET /static/admin/css/base.css HTTP/1.0" 200 0
[17/Aug/2018 11:21:04] "GET /static/jet/css/vendor.css?v=1.0.6 HTTP/1.0" 304 0
[17/Aug/2018 11:21:04] "GET /static/jet/css/themes/default/base.css?v=1.0.6 HTTP/1.0" 304 0
[17/Aug/2018 11:21:04] "GET /admin/jsi18n/ HTTP/1.0" 200 7682
[17/Aug/2018 11:21:04] "GET /static/jet/css/icons/style.css?v=1.0.6 HTTP/1.0" 304 0
[17/Aug/2018 11:21:04] "GET /static/admin/css/changelists.css HTTP/1.0" 200 0
[17/Aug/2018 11:21:04] "GET /static/jet/css/themes/default/select2.theme.css?v=1.0.6 HTTP/1.0" 304 0
[17/Aug/2018 11:21:04] "GET /static/admin/js/admin/RelatedObjectLookups.js HTTP/1.0" 200 0
[17/Aug/2018 11:21:04] "GET /static/jet/css/icons/fonts/jet-icons.eot?415d6s HTTP/1.0" 304 0
[17/Aug/2018 11:21:09] "GET /admin/costsummary/uploadhandler/add/? HTTP/1.0" 200 32926
[17/Aug/2018 11:21:09] "GET /static/admin/css/base.css HTTP/1.0" 200 0
[17/Aug/2018 11:21:09] "GET /static/admin/css/forms.css HTTP/1.0" 200 0
[17/Aug/2018 11:21:09] "GET /jet/jsi18n/ HTTP/1.0" 200 7607
[17/Aug/2018 11:21:09] "GET /static/jet/js/build/bundle.min.js?v=1.0.6 HTTP/1.0" 304 0
[17/Aug/2018 11:21:09] "GET /static/jet/css/themes/default/jquery-ui.theme.css?v=1.0.6 HTTP/1.0" 304 0
[17/Aug/2018 11:21:09] "GET /static/jet/css/vendor.css?v=1.0.6 HTTP/1.0" 304 0
[17/Aug/2018 11:21:09] "GET /admin/jsi18n/ HTTP/1.0" 200 7682
[17/Aug/2018 11:21:09] "GET /static/admin/js/admin/RelatedObjectLookups.js HTTP/1.0" 200 0
[17/Aug/2018 11:21:09] "GET /static/jet/css/icons/style.css?v=1.0.6 HTTP/1.0" 304 0
[17/Aug/2018 11:21:09] "GET /static/jet/css/themes/default/base.css?v=1.0.6 HTTP/1.0" 304 0
[17/Aug/2018 11:21:09] "GET /static/jet/css/themes/default/select2.theme.css?v=1.0.6 HTTP/1.0" 304 0
[17/Aug/2018 11:21:09] "GET /static/jet/css/icons/fonts/jet-icons.eot?415d6s HTTP/1.0" 304 0
[17/Aug/2018 11:21:11] "GET /admin/costsummary/uploadhandler/ HTTP/1.0" 200 32304
[17/Aug/2018 11:21:11] "GET /static/admin/css/base.css HTTP/1.0" 200 0
[17/Aug/2018 11:21:11] "GET /static/jet/css/icons/style.css?v=1.0.6 HTTP/1.0" 304 0
[17/Aug/2018 11:21:11] "GET /static/admin/css/changelists.css HTTP/1.0" 200 0
[17/Aug/2018 11:21:11] "GET /static/jet/js/build/bundle.min.js?v=1.0.6 HTTP/1.0" 304 0
[17/Aug/2018 11:21:11] "GET /admin/jsi18n/ HTTP/1.0" 200 7682
[17/Aug/2018 11:21:11] "GET /jet/jsi18n/ HTTP/1.0" 200 7607
[17/Aug/2018 11:21:11] "GET /static/admin/js/admin/RelatedObjectLookups.js HTTP/1.0" 200 0
[17/Aug/2018 11:21:11] "GET /static/jet/css/themes/default/jquery-ui.theme.css?v=1.0.6 HTTP/1.0" 304 0
[17/Aug/2018 11:21:11] "GET /static/jet/css/themes/default/base.css?v=1.0.6 HTTP/1.0" 304 0
[17/Aug/2018 11:21:11] "GET /static/jet/css/themes/default/select2.theme.css?v=1.0.6 HTTP/1.0" 304 0
[17/Aug/2018 11:21:11] "GET /static/jet/css/vendor.css?v=1.0.6 HTTP/1.0" 304 0
[17/Aug/2018 11:21:12] "GET /static/jet/css/icons/fonts/jet-icons.eot?415d6s HTTP/1.0" 304 0
[17/Aug/2018 11:21:12] "GET /admin/costsummary/ HTTP/1.0" 200 41982
[17/Aug/2018 11:21:12] "GET /static/jet/css/icons/style.css?v=1.0.6 HTTP/1.0" 304 0
[17/Aug/2018 11:21:12] "GET /static/jet/css/vendor.css?v=1.0.6 HTTP/1.0" 304 0
[17/Aug/2018 11:21:12] "GET /static/jet/js/build/bundle.min.js?v=1.0.6 HTTP/1.0" 304 0
[17/Aug/2018 11:21:12] "GET /jet/jsi18n/ HTTP/1.0" 200 7607
[17/Aug/2018 11:21:12] "GET /static/jet/css/themes/default/jquery-ui.theme.css?v=1.0.6 HTTP/1.0" 304 0
[17/Aug/2018 11:21:12] "GET /static/admin/css/base.css HTTP/1.0" 200 0
[17/Aug/2018 11:21:12] "GET /static/admin/css/dashboard.css HTTP/1.0" 200 0
[17/Aug/2018 11:21:12] "GET /static/jet/css/themes/default/base.css?v=1.0.6 HTTP/1.0" 304 0
[17/Aug/2018 11:21:12] "GET /static/jet/css/themes/default/select2.theme.css?v=1.0.6 HTTP/1.0" 304 0
[17/Aug/2018 11:21:12] "GET /static/jet/css/icons/fonts/jet-icons.eot?415d6s HTTP/1.0" 304 0
[17/Aug/2018 11:21:14] "GET /admin/costsummary/ebom/ HTTP/1.0" 200 231481
[17/Aug/2018 11:21:14] "GET /static/admin/css/base.css HTTP/1.0" 200 0
[17/Aug/2018 11:21:14] "GET /static/admin/css/changelists.css HTTP/1.0" 200 0
[17/Aug/2018 11:21:14] "GET /static/jet/css/themes/default/jquery-ui.theme.css?v=1.0.6 HTTP/1.0" 304 0
[17/Aug/2018 11:21:14] "GET /static/jet/css/vendor.css?v=1.0.6 HTTP/1.0" 304 0
[17/Aug/2018 11:21:14] "GET /admin/jsi18n/ HTTP/1.0" 200 7682
[17/Aug/2018 11:21:15] "GET /static/jet/css/themes/default/select2.theme.css?v=1.0.6 HTTP/1.0" 304 0
[17/Aug/2018 11:21:15] "GET /static/jet/css/themes/default/base.css?v=1.0.6 HTTP/1.0" 304 0
[17/Aug/2018 11:21:15] "GET /static/jet/css/icons/style.css?v=1.0.6 HTTP/1.0" 304 0
[17/Aug/2018 11:21:15] "GET /jet/jsi18n/ HTTP/1.0" 200 7607
[17/Aug/2018 11:21:15] "GET /static/jet/js/build/bundle.min.js?v=1.0.6 HTTP/1.0" 304 0
[17/Aug/2018 11:21:15] "GET /static/admin/js/admin/RelatedObjectLookups.js HTTP/1.0" 200 0
[17/Aug/2018 11:21:15] "GET /static/jet/css/icons/fonts/jet-icons.eot?415d6s HTTP/1.0" 304 0
[17/Aug/2018 11:21:18] "GET /admin/costsummary/uploadhandler/add/?model_name=999 HTTP/1.0" 200 39544
[17/Aug/2018 11:21:18] "GET /static/jet/css/icons/style.css?v=1.0.6 HTTP/1.0" 304 0
[17/Aug/2018 11:21:18] "GET /static/jet/css/themes/default/jquery-ui.theme.css?v=1.0.6 HTTP/1.0" 304 0
[17/Aug/2018 11:21:18] "GET /static/jet/css/themes/default/select2.theme.css?v=1.0.6 HTTP/1.0" 304 0
[17/Aug/2018 11:21:18] "GET /static/jet/js/build/bundle.min.js?v=1.0.6 HTTP/1.0" 304 0
[17/Aug/2018 11:21:18] "GET /static/admin/css/forms.css HTTP/1.0" 200 0
[17/Aug/2018 11:21:18] "GET /jet/jsi18n/ HTTP/1.0" 200 7607
[17/Aug/2018 11:21:18] "GET /admin/jsi18n/ HTTP/1.0" 200 7682
[17/Aug/2018 11:21:18] "GET /static/admin/js/admin/RelatedObjectLookups.js HTTP/1.0" 200 0
[17/Aug/2018 11:21:18] "GET /static/jet/css/themes/default/base.css?v=1.0.6 HTTP/1.0" 304 0
[17/Aug/2018 11:21:18] "GET /static/admin/css/base.css HTTP/1.0" 200 0
[17/Aug/2018 11:21:18] "GET /static/jet/css/vendor.css?v=1.0.6 HTTP/1.0" 304 0
[17/Aug/2018 11:21:18] "GET /static/jet/css/icons/fonts/jet-icons.eot?415d6s HTTP/1.0" 304 0
[17/Aug/2018 11:22:00] "POST /admin/costsummary/uploadhandler/add/?model_name=999 HTTP/1.0" 302 0
[17/Aug/2018 11:22:01] "GET /admin/costsummary/ebom/ HTTP/1.0" 200 231617
[17/Aug/2018 11:22:02] "GET /static/admin/css/base.css HTTP/1.0" 200 0
[17/Aug/2018 11:22:02] "GET /static/jet/css/vendor.css?v=1.0.6 HTTP/1.0" 304 0
[17/Aug/2018 11:22:02] "GET /static/jet/css/icons/style.css?v=1.0.6 HTTP/1.0" 304 0
[17/Aug/2018 11:22:02] "GET /static/jet/css/themes/default/base.css?v=1.0.6 HTTP/1.0" 304 0
[17/Aug/2018 11:22:02] "GET /static/jet/css/themes/default/select2.theme.css?v=1.0.6 HTTP/1.0" 304 0
[17/Aug/2018 11:22:02] "GET /static/jet/css/themes/default/jquery-ui.theme.css?v=1.0.6 HTTP/1.0" 304 0
[17/Aug/2018 11:22:02] "GET /static/admin/css/changelists.css HTTP/1.0" 200 0
[17/Aug/2018 11:22:02] "GET /jet/jsi18n/ HTTP/1.0" 200 7607
[17/Aug/2018 11:22:02] "GET /admin/jsi18n/ HTTP/1.0" 200 7682
[17/Aug/2018 11:22:02] "GET /static/jet/js/build/bundle.min.js?v=1.0.6 HTTP/1.0" 304 0
[17/Aug/2018 11:22:02] "GET /static/admin/js/admin/RelatedObjectLookups.js HTTP/1.0" 200 0
[17/Aug/2018 11:22:02] "GET /static/jet/css/icons/fonts/jet-icons.eot?415d6s HTTP/1.0" 304 0
[17/Aug/2018 11:22:12] "GET /admin/costsummary/ebom/?label__id__exact=801 HTTP/1.0" 200 233301
[17/Aug/2018 11:22:13] "GET /static/jet/css/themes/default/base.css?v=1.0.6 HTTP/1.0" 304 0
[17/Aug/2018 11:22:13] "GET /static/jet/css/themes/default/jquery-ui.theme.css?v=1.0.6 HTTP/1.0" 304 0
[17/Aug/2018 11:22:13] "GET /static/jet/css/themes/default/select2.theme.css?v=1.0.6 HTTP/1.0" 304 0
[17/Aug/2018 11:22:13] "GET /static/admin/css/changelists.css HTTP/1.0" 200 0
[17/Aug/2018 11:22:13] "GET /static/jet/css/vendor.css?v=1.0.6 HTTP/1.0" 304 0
[17/Aug/2018 11:22:13] "GET /jet/jsi18n/ HTTP/1.0" 200 7607
[17/Aug/2018 11:22:13] "GET /static/jet/js/build/bundle.min.js?v=1.0.6 HTTP/1.0" 304 0
[17/Aug/2018 11:22:13] "GET /admin/jsi18n/ HTTP/1.0" 200 7682
[17/Aug/2018 11:22:13] "GET /static/jet/css/icons/style.css?v=1.0.6 HTTP/1.0" 304 0
[17/Aug/2018 11:22:13] "GET /static/admin/css/base.css HTTP/1.0" 200 0
[17/Aug/2018 11:22:13] "GET /static/admin/js/admin/RelatedObjectLookups.js HTTP/1.0" 200 0
[17/Aug/2018 11:22:13] "GET /static/jet/css/icons/fonts/jet-icons.eot?415d6s HTTP/1.0" 304 0
[17/Aug/2018 11:23:48] "GET /admin/costsummary/ HTTP/1.0" 200 41982
[17/Aug/2018 11:23:48] "GET /static/jet/css/vendor.css?v=1.0.6 HTTP/1.0" 304 0
[17/Aug/2018 11:23:48] "GET /static/admin/css/base.css HTTP/1.0" 200 0
[17/Aug/2018 11:23:48] "GET /static/jet/css/icons/style.css?v=1.0.6 HTTP/1.0" 304 0
[17/Aug/2018 11:23:48] "GET /static/jet/css/themes/default/base.css?v=1.0.6 HTTP/1.0" 304 0
[17/Aug/2018 11:23:48] "GET /static/admin/css/dashboard.css HTTP/1.0" 200 0
[17/Aug/2018 11:23:48] "GET /static/jet/css/themes/default/select2.theme.css?v=1.0.6 HTTP/1.0" 304 0
[17/Aug/2018 11:23:48] "GET /static/jet/css/themes/default/jquery-ui.theme.css?v=1.0.6 HTTP/1.0" 304 0
[17/Aug/2018 11:23:48] "GET /jet/jsi18n/ HTTP/1.0" 200 7607
[17/Aug/2018 11:23:48] "GET /static/jet/js/build/bundle.min.js?v=1.0.6 HTTP/1.0" 304 0
[17/Aug/2018 11:23:48] "GET /static/jet/css/icons/fonts/jet-icons.eot?415d6s HTTP/1.0" 304 0
[17/Aug/2018 11:23:50] "GET /admin/costsummary/inboundsupplierrate/ HTTP/1.0" 200 101102
[17/Aug/2018 11:23:50] "GET /static/admin/css/changelists.css HTTP/1.0" 200 0
[17/Aug/2018 11:23:50] "GET /static/jet/css/themes/default/jquery-ui.theme.css?v=1.0.6 HTTP/1.0" 304 0
[17/Aug/2018 11:23:50] "GET /static/jet/js/build/bundle.min.js?v=1.0.6 HTTP/1.0" 304 0
[17/Aug/2018 11:23:50] "GET /jet/jsi18n/ HTTP/1.0" 200 7607
[17/Aug/2018 11:23:50] "GET /static/admin/js/admin/RelatedObjectLookups.js HTTP/1.0" 200 0
[17/Aug/2018 11:23:50] "GET /static/jet/css/themes/default/base.css?v=1.0.6 HTTP/1.0" 304 0
[17/Aug/2018 11:23:50] "GET /static/jet/css/vendor.css?v=1.0.6 HTTP/1.0" 304 0
[17/Aug/2018 11:23:50] "GET /static/admin/css/base.css HTTP/1.0" 200 0
[17/Aug/2018 11:23:50] "GET /static/jet/css/icons/style.css?v=1.0.6 HTTP/1.0" 304 0
[17/Aug/2018 11:23:50] "GET /static/jet/css/themes/default/select2.theme.css?v=1.0.6 HTTP/1.0" 304 0
[17/Aug/2018 11:23:50] "GET /admin/jsi18n/ HTTP/1.0" 200 7682
[17/Aug/2018 11:23:51] "GET /static/jet/css/icons/fonts/jet-icons.eot?415d6s HTTP/1.0" 304 0
[17/Aug/2018 11:25:33] "GET /admin/costsummary/inboundsupplierrate/?q=%E9%94%A6%E7%A5%A5 HTTP/1.0" 200 35571
[17/Aug/2018 11:25:33] "GET /static/jet/css/vendor.css?v=1.0.6 HTTP/1.0" 304 0
[17/Aug/2018 11:25:33] "GET /static/jet/css/icons/style.css?v=1.0.6 HTTP/1.0" 304 0
[17/Aug/2018 11:25:33] "GET /static/admin/css/base.css HTTP/1.0" 200 0
[17/Aug/2018 11:25:33] "GET /static/jet/css/themes/default/base.css?v=1.0.6 HTTP/1.0" 304 0
[17/Aug/2018 11:25:33] "GET /static/jet/css/themes/default/select2.theme.css?v=1.0.6 HTTP/1.0" 304 0
[17/Aug/2018 11:25:33] "GET /static/admin/css/changelists.css HTTP/1.0" 200 0
[17/Aug/2018 11:25:33] "GET /static/jet/css/themes/default/jquery-ui.theme.css?v=1.0.6 HTTP/1.0" 304 0
[17/Aug/2018 11:25:33] "GET /static/admin/js/admin/RelatedObjectLookups.js HTTP/1.0" 200 0
[17/Aug/2018 11:25:33] "GET /jet/jsi18n/ HTTP/1.0" 200 7607
[17/Aug/2018 11:25:33] "GET /admin/jsi18n/ HTTP/1.0" 200 7682
[17/Aug/2018 11:25:33] "GET /static/jet/js/build/bundle.min.js?v=1.0.6 HTTP/1.0" 304 0
[17/Aug/2018 11:25:33] "GET /static/jet/css/icons/fonts/jet-icons.eot?415d6s HTTP/1.0" 304 0
[17/Aug/2018 13:21:58] "GET / HTTP/1.1" 302 0
[17/Aug/2018 13:21:58] "GET /admin/ HTTP/1.1" 200 45945
[17/Aug/2018 13:21:59] "GET /admin/ HTTP/1.1" 200 45945
[17/Aug/2018 13:21:59] "GET /jet/jsi18n/ HTTP/1.1" 200 7607
[17/Aug/2018 13:36:00] "GET /admin/costsummary/ebom/ HTTP/1.1" 200 231617
[17/Aug/2018 13:36:00] "GET /jet/jsi18n/ HTTP/1.1" 200 7607
[17/Aug/2018 13:36:00] "GET /admin/jsi18n/ HTTP/1.1" 200 7682
[17/Aug/2018 13:36:02] "GET /admin/costsummary/uploadhandler/add/?model_name=999 HTTP/1.1" 200 39544
[17/Aug/2018 13:36:02] "GET /jet/jsi18n/ HTTP/1.1" 200 7607
[17/Aug/2018 13:36:02] "GET /admin/jsi18n/ HTTP/1.1" 200 7682
[17/Aug/2018 13:37:23] "POST /admin/costsummary/uploadhandler/add/?model_name=999 HTTP/1.1" 302 0
[17/Aug/2018 13:37:23] "GET /jet/jsi18n/ HTTP/1.1" 200 7607
[17/Aug/2018 13:37:23] "GET /admin/jsi18n/ HTTP/1.1" 200 7682
[17/Aug/2018 13:37:23] "GET /admin/costsummary/ebom/ HTTP/1.1" 200 231617
[17/Aug/2018 13:37:40] "GET /admin/costsummary/ebom/?label__id__exact=801 HTTP/1.1" 200 233301
[17/Aug/2018 13:37:41] "GET /jet/jsi18n/ HTTP/1.1" 200 7607
[17/Aug/2018 13:37:41] "GET /admin/jsi18n/ HTTP/1.1" 200 7682
[17/Aug/2018 13:37:50] "GET /costsummary/dl/wide/801 HTTP/1.1" 200 120832
[17/Aug/2018 13:41:38] "GET /admin/costsummary/uploadhandler/add/? HTTP/1.1" 200 32926
[17/Aug/2018 13:41:38] "GET /jet/jsi18n/ HTTP/1.1" 200 7607
[17/Aug/2018 13:41:38] "GET /admin/jsi18n/ HTTP/1.1" 200 7682
[17/Aug/2018 13:41:53] "POST /admin/costsummary/uploadhandler/add/? HTTP/1.1" 302 0
[17/Aug/2018 13:41:54] "GET /admin/costsummary/inboundsupplierrate/ HTTP/1.1" 200 101102
[17/Aug/2018 13:41:54] "GET /jet/jsi18n/ HTTP/1.1" 200 7607
[17/Aug/2018 13:41:54] "GET /admin/jsi18n/ HTTP/1.1" 200 7682
[17/Aug/2018 13:42:03] "GET /admin/costsummary/ HTTP/1.1" 200 41982
[17/Aug/2018 13:42:03] "GET /jet/jsi18n/ HTTP/1.1" 200 7607
[17/Aug/2018 13:42:05] "GET /admin/jsi18n/ HTTP/1.1" 200 7682
[17/Aug/2018 13:42:05] "GET /jet/jsi18n/ HTTP/1.1" 200 7607
[17/Aug/2018 13:42:05] "GET /admin/costsummary/ebom/ HTTP/1.1" 200 231617
[17/Aug/2018 13:42:09] "GET /admin/costsummary/uploadhandler/add/?model_name=999 HTTP/1.1" 200 39544
[17/Aug/2018 13:42:09] "GET /jet/jsi18n/ HTTP/1.1" 200 7607
[17/Aug/2018 13:42:09] "GET /admin/jsi18n/ HTTP/1.1" 200 7682
[17/Aug/2018 13:42:39] "POST /admin/costsummary/uploadhandler/add/?model_name=999 HTTP/1.1" 302 0
[17/Aug/2018 13:42:40] "GET /jet/jsi18n/ HTTP/1.1" 200 7607
[17/Aug/2018 13:42:40] "GET /admin/jsi18n/ HTTP/1.1" 200 7682
[17/Aug/2018 13:42:40] "GET /admin/costsummary/ebom/ HTTP/1.1" 200 231617
[17/Aug/2018 13:42:49] "GET /admin/costsummary/ebom/?label__id__exact=801 HTTP/1.1" 200 233301
[17/Aug/2018 13:42:49] "GET /jet/jsi18n/ HTTP/1.1" 200 7607
[17/Aug/2018 13:42:49] "GET /admin/jsi18n/ HTTP/1.1" 200 7682
[17/Aug/2018 13:42:53] "GET /costsummary/dl/wide/801 HTTP/1.1" 200 120832
[17/Aug/2018 13:54:49] "GET /admin/costsummary/uploadhandler/add/?model_name=999 HTTP/1.1" 200 39544
[17/Aug/2018 13:54:49] "GET /jet/jsi18n/ HTTP/1.1" 200 7607
[17/Aug/2018 13:54:49] "GET /admin/jsi18n/ HTTP/1.1" 200 7682
[17/Aug/2018 13:55:26] "POST /admin/costsummary/uploadhandler/add/?model_name=999 HTTP/1.1" 302 0
[17/Aug/2018 13:55:27] "GET /jet/jsi18n/ HTTP/1.1" 200 7607
[17/Aug/2018 13:55:27] "GET /admin/jsi18n/ HTTP/1.1" 200 7682
[17/Aug/2018 13:55:27] "GET /admin/costsummary/ebom/ HTTP/1.1" 200 231617
[17/Aug/2018 13:57:18] "GET / HTTP/1.1" 302 0
[17/Aug/2018 13:57:18] "GET /admin/ HTTP/1.1" 200 46293
[17/Aug/2018 13:57:18] "GET /jet/jsi18n/ HTTP/1.1" 200 7607
